[    0.000000] Initializing cgroup subsys cpuset
[    0.000000] Initializing cgroup subsys cpu
[    0.000000] Initializing cgroup subsys cpuacct
[    0.000000] Linux version 4.4.0-143-generic (buildd@lgw01-amd64-041) (gcc version 5.4.0 20160609 (Ubuntu 5.4.0-6ubuntu1~16.04.10) ) #169-Ubuntu SMP Thu Feb 7 07:56:38 UTC 2019 (Ubuntu 4.4.0-143.169-generic 4.4.170)
[    0.000000] Command line: BOOT_IMAGE=/boot/vmlinuz-4.4.0-143-generic root=LABEL=cloudimg-rootfs ro console=tty1 console=ttyS0
[    0.000000] KERNEL supported cpus:
[    0.000000]   Intel GenuineIntel
[    0.000000]   AMD AuthenticAMD
[    0.000000]   Centaur CentaurHauls
[    0.000000] x86/fpu: xstate_offset[2]:  576, xstate_sizes[2]:  256
[    0.000000] x86/fpu: Supporting XSAVE feature 0x01: 'x87 floating point registers'
[    0.000000] x86/fpu: Supporting XSAVE feature 0x02: 'SSE registers'
[    0.000000] x86/fpu: Supporting XSAVE feature 0x04: 'AVX registers'
[    0.000000] x86/fpu: Enabled xstate features 0x7, context size is 832 bytes, using 'standard' format.
[    0.000000] e820: BIOS-provided physical RAM map:
[    0.000000] BIOS-e820: [mem 0x0000000000000000-0x000000000009fbff] usable
[    0.000000] BIOS-e820: [mem 0x000000000009fc00-0x000000000009ffff] reserved
[    0.000000] BIOS-e820: [mem 0x00000000000f0000-0x00000000000fffff] reserved
[    0.000000] BIOS-e820: [mem 0x0000000000100000-0x000000003ffeffff] usable
[    0.000000] BIOS-e820: [mem 0x000000003fff0000-0x000000003fffffff] ACPI data
[    0.000000] BIOS-e820: [mem 0x00000000fec00000-0x00000000fec00fff] reserved
[    0.000000] BIOS-e820: [mem 0x00000000fee00000-0x00000000fee00fff] reserved
[    0.000000] BIOS-e820: [mem 0x00000000fffc0000-0x00000000ffffffff] reserved
[    0.000000] NX (Execute Disable) protection: active
[    0.000000] SMBIOS 2.5 present.
[    0.000000] Hypervisor detected: KVM
[    0.000000] e820: last_pfn = 0x3fff0 max_arch_pfn = 0x400000000
[    0.000000] MTRR: Disabled
[    0.000000] x86/PAT: MTRRs disabled, skipping PAT initialization too.
[    0.000000] CPU MTRRs all blank - virtualized system.
[    0.000000] x86/PAT: Configuration [0-7]: WB  WT  UC- UC  WB  WT  UC- UC  
[    0.000000] found SMP MP-table at [mem 0x0009fff0-0x0009ffff] mapped at [ffff88000009fff0]
[    0.000000] Scanning 1 areas for low memory corruption
[    0.000000] RAMDISK: [mem 0x362fa000-0x37174fff]
[    0.000000] ACPI: Early table checksum verification disabled
[    0.000000] ACPI: RSDP 0x00000000000E0000 000024 (v02 VBOX  )
[    0.000000] ACPI: XSDT 0x000000003FFF0030 00003C (v01 VBOX   VBOXXSDT 00000001 ASL  00000061)
[    0.000000] ACPI: FACP 0x000000003FFF00F0 0000F4 (v04 VBOX   VBOXFACP 00000001 ASL  00000061)
[    0.000000] ACPI: DSDT 0x000000003FFF0470 0021FF (v02 VBOX   VBOXBIOS 00000002 INTL 20180105)
[    0.000000] ACPI: FACS 0x000000003FFF0200 000040
[    0.000000] ACPI: FACS 0x000000003FFF0200 000040
[    0.000000] ACPI: APIC 0x000000003FFF0240 00005C (v02 VBOX   VBOXAPIC 00000001 ASL  00000061)
[    0.000000] ACPI: SSDT 0x000000003FFF02A0 0001CC (v01 VBOX   VBOXCPUT 00000002 INTL 20180105)
[    0.000000] No NUMA configuration found
[    0.000000] Faking a node at [mem 0x0000000000000000-0x000000003ffeffff]
[    0.000000] NODE_DATA(0) allocated [mem 0x3ffeb000-0x3ffeffff]
[    0.000000] kvm-clock: Using msrs 4b564d01 and 4b564d00
[    0.000000] kvm-clock: cpu 0, msr 0:3ffe3001, primary cpu clock
[    0.000000] kvm-clock: using sched offset of 4066858046 cycles
[    0.000000] clocksource: kvm-clock: mask: 0xffffffffffffffff max_cycles: 0x1cd42e4dffb, max_idle_ns: 881590591483 ns
[    0.000000] Zone ranges:
[    0.000000]   DMA      [mem 0x0000000000001000-0x0000000000ffffff]
[    0.000000]   DMA32    [mem 0x0000000001000000-0x000000003ffeffff]
[    0.000000]   Normal   empty
[    0.000000]   Device   empty
[    0.000000] Movable zone start for each node
[    0.000000] Early memory node ranges
[    0.000000]   node   0: [mem 0x0000000000001000-0x000000000009efff]
[    0.000000]   node   0: [mem 0x0000000000100000-0x000000003ffeffff]
[    0.000000] Initmem setup node 0 [mem 0x0000000000001000-0x000000003ffeffff]
[    0.000000] ACPI: PM-Timer IO Port: 0x4008
[    0.000000] IOAPIC[0]: apic_id 2, version 32, address 0xfec00000, GSI 0-23
[    0.000000] ACPI: INT_SRC_OVR (bus 0 bus_irq 0 global_irq 2 dfl dfl)
[    0.000000] ACPI: INT_SRC_OVR (bus 0 bus_irq 9 global_irq 9 low level)
[    0.000000] Using ACPI (MADT) for SMP configuration information
[    0.000000] smpboot: Allowing 2 CPUs, 0 hotplug CPUs
[    0.000000] PM: Registered nosave memory: [mem 0x00000000-0x00000fff]
[    0.000000] PM: Registered nosave memory: [mem 0x0009f000-0x0009ffff]
[    0.000000] PM: Registered nosave memory: [mem 0x000a0000-0x000effff]
[    0.000000] PM: Registered nosave memory: [mem 0x000f0000-0x000fffff]
[    0.000000] e820: [mem 0x40000000-0xfebfffff] available for PCI devices
[    0.000000] Booting paravirtualized kernel onKVM
[    0.000000] clocksource: refined-jiffies: mask: 0xffffffff max_cycles: 0xffffffff, max_idle_ns: 7645519600211568  ns
[    0.000000] setup_percpu: NR_CPUS:512 nr_cpumask_bits:512 nr_cpu_ids:2 nr_node_ids:1
[    0.000000] PERCPU: Embedded 34 pages/cpu @ffff88003fc00000 s99480 r8192 d31592 u1048576
[    0.000000] Built 1 zonelists in Node order, mobility grouping on.  Total pages: 257912
[    0.000000] Policy zone: DMA32
[    0.000000] Kernel command line: BOOT_IMAGE=/boot/vmlinuz-4.4.0-143-generic root=LABEL=cloudimg-rootfs ro console=tty1 console=ttyS0
[    0.000000] PID hash table entries: 4096 (order: 3, 32768 bytes)
[    0.000000] Memory: 997704K/1048120K available (8608K kernel code, 1332K rwdata, 4008K rodata, 1484K init, 1316K bss, 50416K reserved, 0K cma-reserved)
[    0.000000] SLUB: HWalign=64, Order=0-3, MinObjects=0, CPUs=2, Nodes=1
[    0.000000] Kernel/User page tables isolation: enabled
[    0.000000] Hierarchical RCU implementation.
[    0.000000] 	Build-time adjustment of leaf fanout to 64.
[    0.000000] 	RCU restricting CPUs from NR_CPUS=512 to nr_cpu_ids=2.
[    0.000000] RCU: Adjusting geometry for rcu_fanout_leaf=64, nr_cpu_ids=2
[    0.000000] NR_IRQS:33024 nr_irqs:440 16
[    0.000000] Console: colour VGA+ 80x25
[    0.000000] console [ty1] enabled
[    0.000000] console [ttyS0] enabled
[    0.000000] tsc: Detected 1696.251 MHz processor
[    0.889519] Calibrating delay loop (skipped) preset value.. 3392.50 BogoMIPS (lpj=6785004)
[    0.893108] pid_max: default: 32768 minimum: 301
[    0.895181] ACPI: Core revision 20150930
[    0.898500] ACPI: 2 ACPI AML tables successfully acquired and loaded
[    0.900951] Security Framework initialized
[    0.906223] Yama: becoming mindful.
[    0.907554] AppArmor: AppArmor initialized
[    0.909129] Dentry cache hash table entries: 131072 (order: 8, 1048576 bytes)
[    0.913041] Inode-cache hash table entries: 65536 (order: 7, 524288 bytes)
[    0.915646] Mount-cache hash table entries: 2048 (order: 2, 16384 bytes)
[    0.917995] Mountpoint-cache hash table entries: 2048 (order: 2, 16384 bytes)
[    0.923453] Initializing cgroup subsys io
[    0.924978] Initializing cgroup subsys memory
[    0.931847] Initializing cgroup subsys devices
[    0.938691] Initializing cgroup subsys freezer
[    0.945963] Initializing cgroup subsys net_cls
[    0.948328] Initializing cgroup subsys perf_event
[    0.950758] Initializing cgroup subsys net_prio
[    0.954549] Initializing cgroup subsys hugetlb
[    0.956660] Initializing cgroup subsys pids
[    0.959878] mce: CPU supports 0 MCE banks
[    0.961624] Last level iTLB entries: 4KB 1024, 2MB 1024, 4MB 1024
[    0.967251] Last level dTLB entries: 4KB 1024, 2MB 1024, 4MB 1024, 1GB 4
[    0.969744] Spectre V2 : Mitigation: Full generic retpoline
[    0.971905] Spectre V2 : Spectre v2 / SpectreRSB mitigation: Filling RSB on context switch
[    0.980343] Speculative Store Bypass: Vulnerable
[    0.990193] Freeing SMP alternatives memory: 32K
[    0.999938] ftrace: allocating 32278 entries in 127 pages
[    1.086002] smpboot: APIC(0) Converting physical 0 to logical package 0
[    1.091660] smpboot: Max logical packages: 1
[    1.098973] x2apic enabled
[    1.106082] Switched APIC routing to physical x2apic.
[    1.115497] ..TIMER: vector=0x30 apic1=0 pin1=2 apic2=-1 pin2=-1
[    1.221369] smpboot: CPU0: Intel(R) Core(TM) i3-4005U CPU @ 1.70GHz (family: 0x6, model: 0x45, stepping: 0x1)
[    1.225793] Performance Events: unsupported p6 CPU model 69 no PMU driver, software events only.
[    1.246404] KVM setup paravirtual spinlock
[    1.249328] x86: Booting SMP configuration:
[    1.254292] .... node  #0, CPUs:      #1
[    1.255787] kvm-clock: cpu 1, msr 0:3ffe3041, secondary cpu clock
[    1.276093] mce: CPU supports 0 MCE banks
[    1.279239] x86: Booted up 1 node, 2 CPUs
[    1.286232] smpboot: Total of 2 processors activated (6785.00 BogoMIPS)
[    1.288803] devtmpfs: initialized
[    1.292866] evm: security.selinux
[    1.295538] evm: security.SMACK64
[    1.309358] evm: security.SMACK64EXEC
[    1.316601] evm: security.SMACK64TRANSMUTE
[    1.318164] evm: security.SMACK64MMAP
[    1.319522] evm: security.ima
[    1.326987] evm: security.capability
[    1.330031] clocksource: jiffies: mask: 0xffffffff max_cycles: 0xffffffff, max_idle_ns: 7645041785100000 ns
[    1.344926] futex hash table entries: 512 (order: 3, 32768 bytes)
[    1.352955] pinctrl core: initialized pinctrl subsystem
[    1.363409] RTC time: 19:29:00, date: 04/03/19
[    1.365395] NET: Registered protocol family 16
[    1.382050] cpuidle: using governor ladder
[    1.394183] cpuidle: using governor menu
[    1.396772] PCCT header not found.
[    1.400901] ACPI: bus type PCI registered
[    1.412616] acpiphp: ACPI Hot Plug PCI Controller Driver version: 0.5
[    1.420308] PCI: Using configuration type 1 for base access
[    1.446944] ACPI: Added _OSI(Module Device)
[    1.449623] ACPI: Added _OSI(Processor Device)
[    1.462228] ACPI: Added _OSI(3.0 _SCP Extensions)
[    1.463966] ACPI: Added _OSI(Processor Aggregator Device)
[    1.468611] ACPI: Executed 1 blocks of module-level executable AML code
[    1.480318] ACPI: Interpreter enabled
[    1.482089] ACPI: (supports S0 S5)
[    1.489018] ACPI: Using IOAPIC for interrupt routing
[    1.491362] PCI: Using host bridge windows from ACPI; if necessary, use "pci=nocrs" and report a bug
[    1.511341] ACPI: PCI Root Bridge [PCI0] (domain 0000 [bus 00-ff])
[    1.520132] acpi PNP0A03:00: _OSC: OS supports [ASPM ClockPM Segments MSI]
[    1.522248] acpi PNP0A03:00: _OSC: not requesting OS control; OS requires [ExtendedConfig ASPM ClockPM MSI]
[    1.538605] acpi PNP0A03:00: fail to add MMCONFIG information, can't access extended PCI configuration space under this bridge.
[    1.548746] PCI host bridge to bus 0000:00
[    1.550624] pci_bus 0000:00: root bus resource [io  0x0000-0x0cf7 window]
[    1.558543] pci_bus 0000:00: root bus resource [io  0x0d00-0xffff window]
[    1.566804] pci_bus 0000:00: root bus resource [mem 0x000a0000-0x000bffff window]
[    1.580736] pci_bus 0000:00: root bus resource [mem 0x40000000-0xfdffffff window]
[    1.600914] pci_bus 0000:00: root bus resource [bus 00-ff]
[    1.620885] pci 0000:00:01.1: legacy IDE quirk: reg 0x10: [io  0x01f0-0x01f7]
[    1.640407] pci 0000:00:01.1: legacy IDE quirk: reg 0x14: [io  0x03f6]
[    1.666589] pci 0000:00:01.1: legacy IDE quirk: reg 0x18: [io  0x0170-0x0177]
[    1.669227] pci 0000:00:01.1: legacy IDE quirk: reg 0x1c: [io  0x0376]
[    1.731097] pci 0000:00:07.0: quirk: [io  0x4000-0x403f] claimed by PIIX4 ACPI
[    1.740181] pci 0000:00:07.0: quirk: [io  0x4100-0x410f] claimed by PIIX4 SMB
[    1.809143] ACPI: PCI Interrupt Link [LNKA] (IRQs 5 9 10 *11)
[    1.815161] ACPI: PCI Interrupt Link [LNKB] (IRQs 5 9 *10 11)
[    1.825897] ACPI: PCI Interrupt Link [LNKC] (IRQs 5 *9 10 11)
[    1.831136] ACPI: PCI Interrupt Link [LNKD] (IRQs 5 9 10 *11)
[    1.841125] ACPI: Enabled 2 GPEs in block 00 to 07
[    1.863390] vgaarb: setting as boot device: PCI:0000:00:02.0
[    1.866859] vgaarb: device added: PCI:0000:00:02.0,decodes=io+mem,owns=io+mem,locks=none
[    1.912032] vgaarb: loaded
[    1.920097] vgaarb: bridge control possible 0000:00:02.0
[    1.928287] SCSI subsystem initialized
[    1.935914] ACPI: bus type USB registered
[    1.941054] usbcore: registered new interface driver usbfs
[    1.950200] usbcore: registered new interface driver hub
[    1.965335] usbcore: registered new device driver usb
[    1.980079] PCI: Using ACPI for IRQ routing
[    1.988709] NetLabel: Initializing
[    2.000757] NetLabel:  domain hash size = 128
[    2.007886] NetLabel:  protocols = UNLABELED CIPSOv4
[    2.014883] NetLabel:  unlabeled traffic allowed by default
[    2.017267] amd_nb: Cannot enumerate AMD northbridges
[    2.018916] clocksource: Switched to clocksource kvm-clock
[    2.033872] AppArmor: AppArmor Filesystem Enabled
[    2.036136] pnp: PnP ACPI init
[    2.038902] pnp: PnACPI: found 3 devices

[  2.122911] clocksource: acpi_pm: mask: 0xffffff max_cycles0xffffff, mx_idle_ns: 2085701024 ns
[   .302721] NET: Registred protocol family 2

[    2.402276] TCP established hash table entries: 8192 (order: 4, 65536 bytes)
[    2.409312] TCP bind hash table entries: 8192 (order: 5, 131072 bytes)
[    2.413067] TCP: Hash tables configured (established 8192 bind 8192)    2.446509] UDP hash table entries: 512 (order: 2, 16384 bytes)
[    2.511895] UDP-Lite hash table entries: 512 (order: 2, 16384 bytes)
[    2.514120] NET: Registered protocol family 1
[    2.516149] pci 0000:00:00.0: Limiting direct PCI/PCI transfers
[    2.518604] pci 0000:00:01.0: Activating ISA DM hang workarounds
[    2.552621] Unpacking initramfs...

[    2.950044] Freeing initrd memory: 14828K
[    2.967515] RAPL PMU detected, API unit is 2^-32 Joules, 4 fixed counters 10737418240 ms ovfl timer
[    2.971006] hw unit of domain pp0-core 2^-0 Joules
[    2.977666] hw unit of domain package 2^-0 Joules
[    2.979136] hw unit of domain dram 2^-0 Joules
[    2.980580] hw unit of domain pp1-gpu 2^-0 Joules
[    2.984156] platform rtc_cmos: registered platform RTC device (no PNP device found)
[    2.987096] Scanning for low memory corruption every 60 seconds
[    2.990288] audit: initializing netlink subsys (disabled)
[    3.007608] audit: type=2000 audit(1554319746.186:1): initialized
[    3.010476] Initialise system trusted keyring
[    3.012751] HugeTLB registered 2 MB page size, pre-allocated 0 pages
[   3.061761] zbud: loaded
[    3.113116] VFS: Disk quotas dquot_6.6.0
    3.120509] VFS: Dquot-cache hash table ntrs: 512 (order 0, 4096 bytes)
[  3.2550] squashfs: version 4.0 (2009/01/31) Phillip Lougher

[    3.383086] fuse init (API version 7.23)
[    3.384800] Key type big_key registered
[    3.38748] Allocating IMA MOK and blacklist keyrings.

[    3.423573] Key type asymmetric registered
[    3.425007] Asymmetric key parser 'x509' registered
[    3.426556] Block layer SCSI generic (bsg) driver version 0.4 loaded (major 249)
[    3.429176] io scheduler noop registered
[    3.430928] io scheduler deadline registered (default)
[    3.434065] io scheduler cfq registered
[    3.435719] pci_hotplug: PCI Hot Plug PCI Core version: 0.5
[    3.437907] pciehp: PCI Express Hot Plug Controller Driver version: 0.4
[    3.456334] ACPI: AC Adapter [AC] (on-line)
[    3.460538] input: Power Button as /devices/LNXSYSTM:00/LNXPWRBN:00/input/input0
[    3.463592] ACPI: Power Button [PWRF]
[    3.465412] input: Sleep Button as /devices/LNXSYSTM:00/LNXSLPBN:00/input/input1
[    3.468190] ACPI: Sleep Button [SLPF]
[    3.470076] GHES: HEST is not enabled!
[    3.471548] ACPI: Battery Slot [BAT0] (battery present)
[    3.479440] Serial: 8250/16550 driver, 32 ports, IRQ sharing enabled
[    3.510151] 00:02: ttyS0 at I/O 0x3f8 (irq = 4, base_baud = 115200) is a 16550A
[    3.518651] Linux agpgart interface v0.103
[    3.524858] loop: module loaded
[    3.527528] scsi host0: ata_piix
[    3.533063] scsi host1: ata_piix
[    3.534550] ata1: PATA max UDMA/33 cmd 0x1f0 ctl 0x3f6 bmdma 0xd000 irq 14
[    3.557996] ata2: PATA max UDMA/3 cmd 0x170 ctl0x376 bmdmaxd008 irq 15

[    3.685624] libphy: Fixed MDIO Bus: probed
[    3.688362] tun: Universal TUN/T dvie driver, 1.6
[    3.840002] tun: (C) 1999-2004 Max Krasnyasky <maxk@qualcomm.com>

[    3.873355] PPP generic driver version 2.4.2
[    3.887636] ehci_hcd: USB 2.0 'Enhanced' Host Controller (EHCI) Driver
[    3.889541] ehci-pci: EHCI PCI platform driver
[    3.891117] ehci-platform: EHCI generic platform driver
[    3.908521] ohci_hcd: USB 1.1 'Open' Host Controller (OHCI) Driver
[    3.911054] ohci-pci: OHCI PCI platform driver
[    3.912981] ohci-platform: OHCI generic platform driver
[    3.947381] uhci_hcd: USB Universal Host Controller Interface driver
[    3.949618] i8042: PNP: PS/2 Controller [PNP0303:PS2K,PNP0f03:PS2M] at 0x60,0x64 irq 1,12
[    3.991193] tsc: Refined TSC clocksource calibration: 1695.786 MHz
[    4.008427] clocksource: tsc: mask: 0xffffffffffffffff max_cycles: 0x18719a654b7, max_idle_ns: 440795224676 ns
[    4.015312] serio: i8042 KBD port at 0x60,0x64 irq 1
[    4.015322] serio: i8042 AUX port at 0x60,0x64 irq 12
[    4.031337] mousedev: PS/2 mouse device common for all mice
[    4.031936] input: AT Translated Set 2 keyboard as /devices/platform/i8042/serio0/input/input2
[    4.032670] rtc_cmos rtc_cmos: rtc core: registered rtc_cmos as rtc0
[    4.032802] rtc_cmos rtc_cmos: alarms up to one day, 114 bytes nvram
[    4.032836] i2c /dev entries driver
[    4.032961] device-mapper: uevent: version 1.0.3
[    4.033085] device-mapper: ioctl: 4.34.0-ioctl (2015-10-28) initialised: dm-devel@redhat.com
[    4.033129] ledtrig-cpu: registered to indicate activity on CPUs
[    4.033736] NET: Registered protocol family 10
[    4.034046] NET: Registered protocol family 17
[    4.034069] Key type dns_resolver registered
[    4.034558] registered taskstats version 1
[    4.034583] Loading compiled-in X.509 certificates
[    4.036135] Loaded X.509 cert 'Build time autogenerated kernel key: d03773f65dd2b75b701d4dd50cb1e8d0c07b3b6e'
[    4.036181] zswap: loaded using pool lzo/zbud
[    4.039207] Key type trusted registered
[    4.045305] Key type encrypted registered
[    4.045317] AppArmor: AppArmor sha1 policy hashing enabled
[    4.045322] ima: No TPM chip found, activating TPM-bypass!
[    4.045330] ima: Allocated hash algorithm: sha1
[    4.045360] evm: HMAC attrs: 0x1
[    4.045917]   Magic number: 15:154:495
[    4.049269] rtc_cmos rtc_cmos: setting system clock to 2019-04-03 19:29:03 UTC (1554319743)
[    4.049521] BIOS EDD facility v0.16 2004-Jun-25, 0 devices found
[    4.049522] EDD information not available.
[    4.180694] Freeing unused kernel memory: 1484K
[    4.255023] Write protecting the kernel read-only data: 14336k
[    4.274364] Freeing unused kernel memory: 1620K
[    4.297747] Freeing unused kernel memory: 88K
Loading, please wait...
starting version[    4.347723] random: systemd-udevd: uninitialized urandom read (16 bytes read, 3 bits of entropy available)
 229
[    4.349236] random: udevadm: uninitialized urandom read (16 bytes read, 3 bits of entropy available)
[    4.349273] random: udevadm: uninitialized urandom read (16 bytes read, 3 bits of entropy available)
[    4.365502] random: udevadm: uninitialized urandom read (16 bytes read, 3 bits of entropy available)
[    4.365571] random: udevadm: uninitialized urandom read (16 bytes read, 3 bits of entropy available)
[    4.365781] random: udevadm: uninitialized urandom read (16 bytes read, 3 bits of entropy available)
[    4.365857] random: udevadm: uninitialized urandom read (16 bytes read, 3 bits of entropy available)
[    4.365931] random: udevadm: uninitialized urandom read (16 bytes read, 3 bits of entropy available)
[    4.366210] random: udevadm: uninitialized urandom read (16 bytes read, 3 bits of entropy available)
[    4.366329] random: udevadm: uninitialized urandom read (16 bytes read, 3 bits of entropy available)
[    4.490885] e1000: Intel(R) PRO/1000 Network Driver - version 7.3.21-k8-NAPI
[    4.493990] e1000: Copyright (c) 1999-2006 Intel Corporation.
[    4.512052] Fusion MPT base driver 3.04.20
[    4.531319] Copyright (c) 1999-2008 LSI Corporation
[    4.560960] Fusion MPT SPI Host driver 3.04.20
[    4.636948] AVX2 version of gcm_enc/dec engaged.
[    4.639006] AES CTR mode by8 optimization enabled
[    4.753050] input: ImExPS/2 Generic Explorer Mouse as /devices/platform/i8042/serio1/input/input4
[    4.988137] e1000 0000:00:03.0 eth0: (PCI:33MHz:32-bit) 02:30:52:25:60:69
[    4.990274] e1000 0000:00:03.0 eth0: Intel(R) PRO/1000 Network Connection
[    5.384773] e1000 0000:00:08.0 eth1: (PCI:33MHz:32-bit) 08:00:27:6d:b1:df
[    5.422392] e1000 0000:00:08.0 eth1: Intel(R) PRO/1000 Network Connection
[    5.549416] e1000 0000:00:08.0 enp0s8: renamed from eth1
[    5.552831] mptbase: ioc0: Initiating bringup
[    5.571541] e1000 0000:00:03.0 enp0s3: renamed from eth0
[    5.631321] ioc0: LSI53C1030 A0: Capabilities={Initiator}
[    5.796345] scsi host2: ioc0: LSI53C1030 A0, FwRev=00000000h, Ports=1, MaxQ=256, IRQ=20
[    5.912731] scsi 2:0:0:0: Direct-Access     VBOX     HARDDISK         1.0  PQ: 0 ANSI: 5
[    5.921673] scsi target2:0:0: Beginning Domain Validation
[    5.931431] scsi target2:0:0: Domain Validation skipping write tests
[    5.991686] scsi target2:0:0: Ending Domain Validation
[    6.009570] scsi target2:0:0: asynchronous
[    6.012184] scsi 2:0:1:0: Direct-Access     VBOX     HARDDISK         1.0  PQ: 0 ANSI: 5
[    6.178510] scsi target2:0:1: Beginning Domain Validation
[    6.181357] scsi target2:0:1: Domain Validation skipping write tests
[    6.183149] scsi target2:0:1: Ending Domain Validation
[    6.184822] scsi target2:0:1: asynchronous
[    6.194986] sd 2:0:0:0: [sda] 20971520 512-byte logical blocks: (10.7 GB/10.0 GiB)
[    6.198851] sd 2:0:0:0: [sda] Write Protect is off
[    6.201343] sd 2:0:0:0: [sda] Incomplete mode parameter data
[    6.203737] sd 2:0:0:0: [sda] Assuming drive cache: write through
[    6.205901] sd 2:0:0:0: Attached scsi generic sg0 type 0
[    6.209725] sd 2:0:1:0: [sdb] 20480 512-byte logical blocks: (10.5 MB/10.0 MiB)
[    6.209917] sd 2:0:1:0: Attached scsi generic sg1 type 0
[    6.221397] sd 2:0:1:0: [sdb] Write Protect is off
[    6.223211] sd 2:0:1:0: [sdb] Incomplete mode parameter data
[    6.225499] sd 2:0:1:0: [sdb] Assuming drive cache: write through
[    6.229287]  sda: sda1
[    6.237397] sd 2:0:0:0: [sda] Attached SCSI disk
[    6.262400] sd 2:0:1:0: [sdb] Attached SCSI disk
Begin: Loading essential drivers ... [    7.925104] md: linear personality registered for level -1
[    7.943778] md: multipath personality registered for level -4
[    7.956228] md: raid0 personality registered for level 0
[    7.970992] md: raid1 personality registered for level 1
[    8.046960] raid6: sse2x1   gen()  5033 MB/s
[    8.114987] raid6: sse2x1   xor()  3856 MB/s
[    8.194989] raid6: sse2x2   gen()  6121 MB/s
[    8.266963] raid6: sse2x2   xor()  4146 MB/s
[    8.338955] raid6: sse2x4   gen()  7375 MB/s
[    8.406960] raid6: sse2x4   xor()  5079 MB/s
[    8.474967] raid6: avx2x1   gen() 10133 MB/s
[    8.542958] raid6: avx2x2   gen() 11141 MB/s
[    8.610975] raid6: avx2x4   gen() 13369 MB/s
[    8.612800] raid6: using algorithm avx2x4 gen() 13369 MB/s
[    8.614501] raid6: using avx2x2 recovery algorithm
[    8.620071] xor: automatically using best checksumming function:
[    8.679375]    avx       : 29110.000 MB/sec
[    8.683205] async_tx: api initialized (async)
[    8.701372] md: raid6 personality registered for level 6
[    8.707918] md: raid5 personality registered for level 5
[    8.709751] md: raid4 personality registered for level 4
[    8.736414] md: raid10 personality registered for level 10
done.
Begin: Running /scripts/init-premount ... done.
Begin: Mounting root file system ... Begin: Running /scripts/local-top ... done.
Begin: Running /scripts/local-premount ... [    8.796053] Btrfs loaded
Scanning for Btrfs filesystems
done.
Warning: fsck not present, so skipping root file system
[    8.893924] EXT4-fs (sda1): mounted filesystem with ordered data mode. Opts: (null)
done.
Begin: Running /scripts/local-bottom ... done.
Begin: Running /scripts/init-bottom ... done.
[    9.692075] systemd[1]: systemd 229 running in system mode. (+PAM +AUDIT +SELINUX +IMA +APPARMOR +SMACK +SYSVINIT +UTMP +LIBCRYPTSETUP +GCRYPT +GNUTLS +ACL +XZ -LZ4 +SECCOMP +BLKID +ELFUTILS +KMOD -IDN)
[    9.706178] systemd[1]: Detected virtualization oracle.
[    9.708922] systemd[1]: Detected architecture x86-64.

Welcome to [1mUbuntu 16.04.6 LTS[0m!

[    9.748753] systemd[1]: Set hostname to <ubuntu>.
[    9.787485] systemd[1]: Initializing machine ID from random generator.
[    9.798930] systemd[1]: Installed transient /etc/machine-id file.
[    9.966919] random: nonblocking pool is initialized
[   10.705009] systemd[1]: Listening on LVM2 poll daemon socket.
[[0;32m  OK  [0m] Listening on LVM2 poll daemon socket.
[   10.715787] systemd[1]: Listening on udev Control Socket.
[[0;32m  OK  [0m] Listening on udev Control Socket.
[   10.768443] systemd[1]: Started Forward Password Requests to Wall Directory Watch.
[[0;32m  OK  [0m] Started Forward Password Requests to Wall Directory Watch.
[   10.774213] systemd[1]: Reached target Encrypted Volumes.
[[0;32m  OK  [0m] Reached target Encrypted Volumes.
[   10.778244] systemd[1]: Set up automount Arbitrary Executable File Formats File System Automount Point.
[[0;32m  OK  [0m] Set up automount Arbitrary Executab...ats File System Automount Point.
[   10.785702] systemd[1]: Listening on /dev/initctl Compatibility Named Pipe.
[[0;32m  OK  [0m] Listening on /dev/initctl Compatibility Named Pipe.
[   10.790482] systemd[1]: Listening on Journal Audit Socket.
[[0;32m  OK  [0m] Listening on Journal Audit Socket.
[   10.808907] systemd[1]: Created slice User and Session Slice.
[[0;32m  OK  [0m] Created slice User and Session Slice.
[   10.813126] systemd[1]: Listening on udev Kernel Socket.
[[0;32m  OK  [0m] Listening on udev Kernel Socket.
[   10.818791] systemd[1]: Created slice System Slice.
[[0;32m  OK  [0m] Created slice System Slice.
[   10.828097] systemd[1]: Reached target Slices.
[[0;32m  OK  [0m] Reached target Slices.
[   10.832498] systemd[1]: Listening on Journal Socket (/dev/log).
[[0;32m  OK  [0m] Listening on Journal Socket (/dev/log).
[   10.859951] systemd[1]: Created slice system-serial\x2dgetty.slice.
[[0;32m  OK  [0m] Created slice system-serial\x2dgetty.slice.
[   10.868752] systemd[1]: Reached target User and Group Name Lookups.
[[0;32m  OK  [0m] Reached target User and Group Name Lookups.
[   10.898842] systemd[1]: Reached target Swap.
[[0;32m  OK  [0m] Reached target Swap.
[   10.910562] systemd[1]: Listening on LVM2 metadata daemon socket.
[[0;32m  OK  [0m] Listening on LVM2 metadata daemon socket.
[   10.918955] systemd[1]: Started Trigger resolvconf update for networkd DNS.
[[0;32m  OK  [0m] Started Trigger resolvconf update for networkd DNS.
[   10.949642] systemd[1]: Listening on Device-mapper event daemon FIFOs.
[[0;32m  OK  [0m] Listening on Device-mapper event daemon FIFOs.
[   10.968758] systemd[1]: Listening on Journal Socket.
[[0;32m  OK  [0m] Listening on Journal Socket.
[   10.991180] systemd[1]: Mounting Debug File System...
         Mounting Debug File System...
[   11.029036] systemd[1]: Starting Create list of required static device nodes for the current kernel...
         Starting Create list of required st... nodes for the current kernel...
[   11.071297] systemd[1]: Starting Nameserver information manager...
         Starting Nameserver information manager...
[   11.094292] systemd[1]: Starting Set console keymap...
         Starting Set console keymap...
[   11.155526] systemd[1]: Starting Load Kernel Modules...
         Starting Load Kernel Modules...
[   11.206001] systemd[1]: Mounting Huge Pages File System...
         Mounting Huge Pages File System...
[   11.218579] systemd[1]: Starting Remount Root and Kernel File Systems...
[   11.264249] EXT4-fs (sda1): re-mounted. Opts: (null)
         Startin[   11.295160] Loading iSCSI transport class v2.0-870.
g Remount Root and Kernel File Systems...
[   11.303141] systemd[1]: Mounting POSIX Message Queue File System...
         Mounting POSIX Message Queue File System...
[   11.335630] systemd[1]: Starting Monitoring of LVM2 mirrors, snapshots etc. using dmeventd or progress polling...
         Starting Monitoring of LVM2 mirrors... dmeventd or progress polling...
[   11.397715] iscsi: registered transport (tcp)
[   11.412101] systemd[1]: Starting Uncomplicated firewall...
         Starting Uncomplicated firewall...
[   11.418739] systemd[1]: Listening on Syslog Socket.
[[0;32m  OK  [0m] Listening on Syslog Socket.
[   11.426424] systemd[1]: Starting Journal Service...
         Starting Journal Service...
[   11.436906] systemd[1]: Reached target System Time Synchronized.
[[0;32m  OK  [0m] Reached target System Time Synchronized.
[   11.457161] systemd[1]: Mounted POSIX Message Queue File System.
[[0;32m  OK  [0m] Mounted POSIX Message Queue File System.
[   11.507496] systemd[1]: Mounted Debug File System.
[[0;32m  OK  [0m] Mounted Debug File System.
[   11.530194] systemd[1]: Mounted Huge Pages File System.
[[0;32m  OK  [0m] Mounted Huge Pages File System.
[   11.551546] systemd[1]: Started Create list of required static device nodes for the current kernel.
[[0;32m  OK  [0m] Started Create list of required sta...ce nodes for the current kernel.
[   11.584482] systemd[1]: Started Set console keymap.
[[0;32m  OK  [0m] Started Set console keymap.
[   11.592483] systemd[1]: Started Remount Root and Kernel File Systems.
[[0;32m  OK  [0m] Started Remount Root and Kernel File Systems.
[   11.610907] systemd[1]: Started Uncomplicated firewall.
[[0;32m  OK  [0m] Started Uncomplicated firewall.
[   11.641242] systemd[1]: Started Nameserver information manager.
[   11.679401] iscsi: registered transport (iser)
[[0;32m  OK  [0m] Started Nameserver information manager.
[   11.688412] systemd[1]: Started Load Kernel Modules.
[[0;32m  OK  [0m] Started Load Kernel Modules.
[   11.807324] systemd[1]: Started LVM2 metadata daemon.
[[0;32m  OK  [0m] Started LVM2 metadata daemon.
[   11.821008] systemd[1]: Starting Apply Kernel Variables...
         Starting Apply Kernel Variables...
[   11.859173] systemd[1]: Mounting FUSE Control File System...
         Mounting FUSE Control File System...
         Starting Load/Save Random Seed...
         Starting udev Coldplug all Devices...
         Starting Create Static Device Nodes in /dev...
[[0;32m  OK  [0m] Mounted FUSE Control File System.
[[0;32m  OK  [0m] Started Journal Service.
[[0;32m  OK  [0m] Started Apply Kernel Variables.
[[0;32m  OK  [0m] Started Load/Save Random Seed.
         Starting Flush Journal to Persistent Storage...
[[0;32m  OK  [0m] Started udev Coldplug all Devices.
[[0;32m  OK  [0m] Started Flush Journal to Persistent Storage.
[[0;32m  OK  [0m] Started Create Static Device Nodes in /dev.
         Starting udev Kernel Device Manager...
[[0;32m  OK  [0m] Started Monitoring of LVM2 mirrors,...ng dmeventd or progress polling.
[[0;32m  OK  [0m] Reached target Local File Systems (Pre).
[[0;32m  OK  [0m] Reached target Local File Systems.
         Starting LSB: AppArmor initialization...
         Starting Tell Plymouth To Write Out Runtime Data...
         Starting Commit a transient machine-id on disk...
         Starting Initial cloud-init job (pre-networking)...
         Starting Set console font and keymap...
         Starting Create Volatile Files and Directories...
[[0;32m  OK  [0m] Started udev Kernel Device Manager.
[[0;32m  OK  [0m] Started Tell Plymouth To Write Out Runtime Data.
[[0;32m  OK  [0m] Started Commit a transient machine-id on disk.
[[0;32m  OK  [0m] Started Create Volatile Files and Directories.
         Starting Update UTMP about System Boot/Shutdown...
[[0;32m  OK  [0m] Started Dispatch Password Requests to Console Directory Watch.
[[0;32m  OK  [0m] Found device /dev/ttyS0.
[[0;32m  OK  [0m] Started Update UTMP about System Boot/Shutdown.
[[0;32m  OK  [0m] Listening on Load/Save RF Kill Switch Status /dev/rfkill Watch.
[[0;32m  OK  [0m] Started Set console font and keymap.
[[0;32m  OK  [0m] Created slice system-getty.slice.
[[0;32m  OK  [0m] Started LSB: AppArmor initialization.
[   17.532534] cloud-init[475]: Cloud-init v. 18.5-45-g3554ffe8-0ubuntu1~16.04.1 running 'init-local' at Wed, 03 Apr 2019 19:29:17 +0000. Up 16.84 seconds.
[[0;32m  OK  [0m] Started Initial cloud-init job (pre-networking).
[[0;32m  OK  [0m] Reached target Network (Pre).
         Starting Raise network interfaces...
[[0;32m  OK  [0m] Started Raise network interfaces.
[[0;32m  OK  [0m] Reached target Network.
         Starting Initial cloud-init job (metadata service crawler)...
[   20.830266] cloud-init[946]: Cloud-init v. 18.5-45-g3554ffe8-0ubuntu1~16.04.1 running 'init' at Wed, 03 Apr 2019 19:29:19 +0000. Up 18.68 seconds.
[   20.870102] cloud-init[946]: ci-info: ++++++++++++++++++++++++++++++++++++++Net device info+++++++++++++++++++++++++++++++++++++++
[   20.910436] [[0;32m  OK  [0m] Started Initial cloud-init job (metadata service crawler).
cloud-init[946]: ci-info: +--------+-------+----------------------------+---------------+--------+-------------------+[[0;32m  OK  [0m] Reached target System Initialization.
[[0;32m  OK  [0m] Listening on ACPID Listen Socket.

[[0;32m  OK  [0m] Listening on UUID daemon activation socket.
[   20.919907] cloud-init[946]: ci-info: | Device |   Up  |          Address           |      Mask     | Scope  |     Hw-Address    |
[   20.928139] cloud-init[946]: ci-info: +--------+-------+----------------------------+---------------+--------+-------------------+
[   20.936589] cloud-init[946]: ci-info: | enp0s3 |  True |         10.0.2.15          | 255.255.255.0 | global | 02:30:52:25:60:69 |
[   20.937276] cloud-init[946]: ci-info: | enp0s3 |  True | fe80::30:52ff:fe25:6069/64 |       .       |  link  | 02:30:52:25:60:69 |
[   20.937894] cloud-init[946]: ci-info: | enp0s8 | False |             .              |       .       |   .    | 08:00:27:6d:b1:df |
[   20.938193] cloud-init[946]: ci-info: |   lo   |  True |         127.0.0.1          |   255.0.0.0   |  host  |         .         |
[   20.939295] cloud-init[946]: ci-info: |   lo   |  True |          ::1/128           |       .       |  host  |         .         |
[   20.939595] cloud-init[946]: ci-info: +--------+-------+----------------------------+---------------+--------+-------------------+
         Starting LXD - unix socket.
[[   20.940633] cloud-init[946]: ci-info: +++++++++++++++++++++++++++Route IPv4 info++++++++++++++++++++++++++++
[   20.968858] cloud-init[946]: ci-info: +-------+-------------+----------+---------------+-----------+-------+
[   20.969413] cloud-init[946]: ci-info: | Route | Destination | Gateway  |    Genmask    | Interface | Flags |
[   20.970079] cloud-init[946]: ci-info: +-------+-------------+----------+---------------+-----------+-------+
[   20.970342] cloud-init[946]: ci-info: |   0   |   0.0.0.0   | 10.0.2.2 |    0.0.0.0    |   enp0s3  |   UG  |
[   20.970617] cloud-init[946]: ci-info: |   1   |   10.0.2.0  | 0.0.0.0  | 255.255.255.0 |   enp0s3  |   U   |
[   20.970896] cloud-init[946]: ci-info: +-------+-------------+----------+---------------+-----------+-------+
[   20.971185] cloud-init[946]: ci-info: +++++++++++++++++++Route IPv6 info+++++++++++++++++++
[   20.971464] cloud-init[946]: ci-info: +-------+-------------+---------+-----------+-------+
[   20.971768] cloud-init[946]: ci-info: | Route | Destination | Gateway | Interface | Flags |
[   20.972129] cloud-init[946]: ci-info: +-------+-------------+---------+-----------+-------+
[   20.972601] cloud-init[946]: ci-info: |   0   |  fe80::/64  |    ::   |   enp0s3  |   U   |
[   20.972904] cloud-init[946]: ci-info: |   3   |   ff00::/8  |    ::   |   enp0s3  |   U   |
[0;32m  OK  [0m] Listening on D-Bus System Message Bus Socket.
[   20.973165] cloud-init[946]: ci-info: +-------+-------------+---------+-----------+-------+
[   21.008719] cloud-init[946]: Generating public/private rsa key pair.
[   21.010779] cloud-init[946]: Your identification has been saved in /etc/ssh/ssh_host_rsa_key.
[   21.021962] cloud-init[946]: Your public key has been saved in /etc/ssh/ssh_host_rsa_key.pub.
[   21.025036] cloud-init[946]: The key fingerprint is:
[   21.040582] cloud-init[946]: SHA256:ltwxBxDd6IQdDAWRr1LhunIsO9AIMfn73r08uaib2M8 root@ubuntu-xenial
[   21.043760] cloud-init[946]: The key's randomart image is:
[   21.045867] cloud-init[946]: +---[RSA 2048]----+
[   21.047780] cloud-init[946]: | .      *&++     |
[   21.050912] cloud-init[946]: |+       + *..    |
[   21.072313] cloud-init[946]: | +     . =o .    |
[   21.074581] cloud-init[946]: |. .    .ooo+     |
[   21.076819] cloud-init[946]: | . +   oS..      |
[   21.079001] cloud-init[946]: |  + . o..        |
[   21.081191] cloud-init[946]: |   o . o .       |
[   21.083177] cloud-init[946]: |   o=+++o        |
[   21.086203] cloud-init[946]: |  ..BXE =+       |
[   21.088070] cloud-init[946]: +----[SHA256]-----+
[   21.089892] cloud-init[946]: Generating public/private dsa key pair.
[   21.092161] cloud-init[946]: Your identification has been saved in /etc/ssh/ssh_host_dsa_key.
[   21.096100] cloud-init[946]: Your public key has been saved in /etc/ssh/ssh_host_dsa_key.pub.
[   21.148940] cloud-init[946]: The key fingerprint is:
[   21.149519] cloud-init[946]: SHA256:vsuas4lVL57gid9zTRukNPz3jW3fF5ih8dV1UXRTtR8 root@ubuntu-xenial
[[0;32m  OK  [0m] Started ACPI Events Check.
[[   21.149958] cloud-init[946]: The key's randomart image is:
[   21.161463] cloud-init[946]: +---[DSA 1024]----+
[0;32m  OK  [0m] Reached target Paths.
[   21.161748] cloud-init[946]: |               +@|
[[0;32m  OK  [0m] Started Daily Cleanup of Temporary Directories.
         Starting Socket activation for snappy daemon.
[   21.204766] cloud-init[946]: |                *|
[   21.245303] cloud-init[946]: |         .     E+|
[   21.245889] cloud-init[946]: |          +... .+|
[   21.246233] cloud-init[946]: |        S. =+ = .|
[   21.246542] cloud-init[946]: |       o ...++.. |
[   21.246875] cloud-init[946]: |      o o .o + +o|
[   21.247206] cloud-init[946]: |     =.O.+. o . B|
[   21.247533] cloud-init[946]: |    o.O+B+     .=|
[[0;32m  OK  [0m] Started Daily apt download activities.
[   21.247868] cloud-init[946]: +----[SHA256]-----+
[   21.268791] cloud-init[946]: Generating public/private ecdsa key pair.
[   21.269437] cloud-init[946]: Your identification has been saved in /etc/ssh/ssh_host_ecdsa_key.
[   21.270059] cloud-init[946]: Your public key has been saved in /etc/ssh/ssh_host_ecdsa_key.pub.
[   21.270979] [cloud-init[0;32m  OK  [0m[946]: ] The key fingerprint is:Started Daily apt upgrade and clean activities.

[   21.271308] cloud-init[946]: SHA256:d291n8Hp6QWUYFXxf0izwUHNdcJ/UusSfzm1vvKWGxs root@ubuntu-xenial
[   21.316192] cloud-init[946]: The key's randomart image is:
[[0;32m  OK  [0m] Reached target Timers.
[[   21.317014] cloud-init[946]: +---[ECDSA 256]---+
[   21.331276] cloud-init[946]: |            o+==*|
[   21.331578] cloud-init[946]: |           . o.+*|
[   21.331961] cloud-init[946]: |              Boo|
[0;32m  OK  [0m] Reached target Cloud-config availability.
[   21.332661] cloud-init[946]: |             +o**|
[   21.346033] cloud-init[946]: |        S . . B=X|
[[0;32m  OK  [0m] Reached target Network is Online.
[   21.346662] cloud-init[946]: |         . . o.OO|
[   21.382385] cloud-init[946]: |              =E*|
[   21.383539] cloud-init[946]: |             o.+=|
[   21.384013] cloud-init[946]: |              +*o|
[   21.384949] cloud-init[946]: +----[SHA256]-----+
[   21.385331] cloud-init[946]: Generating public/private ed25519 key pair.
         Starting iSCSI initiator daemon (iscsid)...
[   21.385422] cloud-init[946]: Your identification has been saved in /etc/ssh/ssh_host_ed25519_key.
[   21.385501] cloud-init[946]: Your public key has been saved in /etc/ssh/ssh_host_ed25519_key.pub.
[[0;32m  OK  [0m] Listening on LXD - unix socket.
[[0;32m  OK  [0m] Listening on Socket activation for snappy daemon.
[   21.411929] cloud-init[946]: The key fingerprint is:
[   21.432773] cloud-init[946]: SHA256:FlDy1saEf2fTatXlxAoyPqpMXSm7pJrGaTHattV2SQw root@ubuntu-xenial
[   21.433579] cloud-init[946]: The key's randomart image is:
[   21.434110] cloud-init[946]: +--[ED25519 256]--+
[   21.434644] cloud-init[946]: |      o....    . |
[   21.434759] cloud-init[946]: |       +.+o .   +|
[   21.435333] cloud-init[946]: |        Eo++ . =o|
[   21.435460] cloud-init[946]: |       ..=* . = =|
[   21.435527] cloud-init[946]: |       .S=oo o + |
[[0;32m  OK  [0m] Reached target Sockets.
[   21.435774] cloud-init[946]: |    o .o=. .  o  |
[   21.466531] cloud-init[946]: |   + *.+o.o  .   |
[   21.466843] cloud-init[946]: |  . Bo+...       |
[   21.467101] cloud-init[946]: |   ++o           |
[   21.467393] cloud-init[946]: +----[SHA256]-----+
[[0;32m  OK  [0m] Reached target Basic System.
         Starting /etc/rc.local Compatibility...
[[0;32m  OK  [0m] Started D-Bus System Message Bus.
[[0;32m  OK  [0m] Started Unattended Upgrades Shutdown.
[[0;32m  OK  [0m] Started Deferred execution scheduler.
         Starting LSB: MD monitoring daemon...
         Starting Pollinate to seed the pseudo random number generator...
         Starting LSB: Record successful boot for GRUB...
         Starting Snappy daemon...
         Starting Login Service...
[[0;32m  OK  [0m] Started FUSE filesystem for LXC.
         Starting System Logging Service...
         Starting LXD - container startup/shutdown...
         Starting Virtualbox guest utils...
         Starting Accounts Service...
[[0;32m  OK  [0m] Started ACPI event daemon.
[[0;32m  OK  [0m] Started Regular background program processing daemon.
[[0;32m  OK  [0m] Started /etc/rc.local Compatibility.
[[0;32m  OK  [0m] Started Login Service.
[[0;32m  OK  [0m] Started LSB: Record successful boot for GRUB.
[[0;32m  OK  [0m] Started System Logging Service.
[[0;32m  OK  [0m] Started LSB: MD monitoring daemon.
[[0;32m  OK  [0m] Started iSCSI initiator daemon (iscsid).
         Starting Login to default iSCSI targets...
[[0;32m  OK  [0m] Started Login to default iSCSI targets.
[[0;32m  OK  [0m] Reached target Remote File Systems (Pre).
[[0;32m  OK  [0m] Reached target Remote File Systems.
         Starting LSB: automatic crash report generation...
         Starting LSB: Set the CPU Frequency Scaling governor to "ondemand"...
         Starting LSB: daemon to balance interrupts for SMP systems...
         Starting Permit User Sessions...
[[0;32m  OK  [0m] Started LSB: Set the CPU Frequency Scaling governor to "ondemand".
[[0;32m  OK  [0m] Started Permit User Sessions.
         Starting Hold until boot process finishes up...
         Starting Terminate Plymouth Boot Screen...
[[0;32m  OK  [0m] Started Hold until boot process finishes up.
[[0;32m  OK  [0m] Started LSB: daemon to balance interrupts for SMP systems.
[[0;32m  OK  [0m] Started Terminate Plymouth Boot Screen.
[[0;32m  OK  [0m] Started Getty on tty1.
         Starting Set console scheme...
[[0;32m  OK  [0m] Started Serial Getty on ttyS0.
[[0;32m  OK  [0m] Reached target Login Prompts.
         Starting Authenticate and Authorize Users to Run Privileged Tasks...
[[0;32m  OK  [0m] Started Virtualbox guest utils.
[[0;32m  OK  [0m] Started Set console scheme.
[[0;32m  OK  [0m] Started LSB: automatic crash report generation.
[[0;32m  OK  [0m] Started Authenticate and Authorize Users to Run Privileged Tasks.
[[0;32m  OK  [0m] Started Accounts Service.
[[0;32m  OK  [0m] Started Pollinate to seed the pseudo random number generator.
         Starting OpenBSD Secure Shell server...
[[0;32m  OK  [0m] Started OpenBSD Secure Shell server.
[[0;32m  OK  [0m] Started LXD - container startup/shutdown.
[[0;32m  OK  [0m] Started Snappy daemon.
         Starting Wait until snapd is fully seeded...
[[0;32m  OK  [0m] Created slice User Slice of vagrant.
         Starting User Manager for UID 1000...
[[0;32m  OK  [0m] Started Session 1 of user vagrant.
[[0;32m  OK  [0m] Started User Manager for UID 1000.
[[0;32m  OK  [0m] Started Wait until snapd is fully seeded.
[[0;32m  OK  [0m] Reached target Multi-User System.
[[0;32m  OK  [0m] Reached target Graphical Interface.
         Starting Update UTMP about System Runlevel Changes...
         Starting Apply the settings specified in cloud-config...
[[0;32m  OK  [0m] Started Update UTMP about System Runlevel Changes.
[   29.212705] cloud-init[1332]: Generating locales (this might take a while)...

Ubuntu 16.04.6 LTS ubuntu-xenial ttyS0

ubuntu-xenial login: [   32.318214] cloud-init[1332]:   en_US.UTF-8... done
[   32.319968] cloud-init[1332]: Generation complete.
[   36.865932] cloud-init[1332]: Cloud-init v. 18.5-45-g3554ffe8-0ubuntu1~16.04.1 running 'modules:config' at Wed, 03 Apr 2019 19:29:29 +0000. Up 28.48 seconds.
ci-info: no authorized ssh keys fingerprints found for user ubuntu.
<14>Apr  3 19:29:38 ec2: 
<14>Apr  3 19:29:38 ec2: #############################################################
<14>Apr  3 19:29:38 ec2: -----BEGIN SSH HOST KEY FINGERPRINTS-----
<14>Apr  3 19:29:38 ec2: 1024 SHA256:vsuas4lVL57gid9zTRukNPz3jW3fF5ih8dV1UXRTtR8 root@ubuntu-xenial (DSA)
<14>Apr  3 19:29:38 ec2: 256 SHA256:d291n8Hp6QWUYFXxf0izwUHNdcJ/UusSfzm1vvKWGxs root@ubuntu-xenial (ECDSA)
<14>Apr  3 19:29:38 ec2: 256 SHA256:FlDy1saEf2fTatXlxAoyPqpMXSm7pJrGaTHattV2SQw root@ubuntu-xenial (ED25519)
<14>Apr  3 19:29:38 ec2: 2048 SHA256:ltwxBxDd6IQdDAWRr1LhunIsO9AIMfn73r08uaib2M8 root@ubuntu-xenial (RSA)
<14>Apr  3 19:29:38 ec2: -----END SSH HOST KEY FINGERPRINTS-----
<14>Apr  3 19:29:38 ec2: #############################################################
-----BEGIN SSH HOST KEY KEYS-----
ecdsa-sha2-nistp256 AAAAE2VjZHNhLXNoYTItbmlzdHAyNTYAAAAIbmlzdHAyNTYAAABBBDy37LD4pVlAYEVokGWY6jIMZI/p5hpYlXArZZDrRDACvdUuqq1GcvmF5nQajeG96I+myUe/lAD+0yC04N8ewOE= root@ubuntu-xenial
ssh-ed25519 AAAAC3NzaC1lZDI1NTE5AAAAIO8DKEJ57p8cR6iyMjBAnwrgLH4N2e8FWexwUrouRDvK root@ubuntu-xenial
ssh-rsa AAAAB3NzaC1yc2EAAAADAQABAAABAQCeotdrhchDbSomr29dwND5ryiHcK5gD81/+QkRrGfN/N5iafahaYLPemypnzKoveFg7v5Cmp+e2UgFn5t7kD8MDyc0afwE2EsSH6VR18kmyLs77QTE0C3DAszywhxfIkklCh1880mJTQPOJa2pHUgIRU1PJpoZr5BVe9+Qspshyxzyzf/GK6/6DOXFFJzs6lXJwQrX6H4DMFMhdPlNtpGgTtcE/AyLYacteJT5VUClHwNso9Vcb96Qxokcikh1aYuTmcnVjOQ8xD569Xs0ZTDAON7YVSuW9hLnZeb1fLiNov6djWiZCsMsCf/Bt/9hGzXfjY8FQNbT/wko9G0xyhKR root@ubuntu-xenial
-----END SSH HOST KEY KEYS-----
[   37.900785] cloud-init[1512]: Cloud-init v. 18.5-45-g3554ffe8-0ubuntu1~16.04.1 running 'modules:final' at Wed, 03 Apr 2019 19:29:38 +0000. Up 37.55 seconds.
[   37.901278] cloud-init[1512]: ci-info: no authorized ssh keys fingerprints found for user ubuntu.
[   37.901597] cloud-init[1512]: Cloud-init v. 18.5-45-g3554ffe8-0ubuntu1~16.04.1 finished at Wed, 03 Apr 2019 19:29:38 +0000. Datasource DataSourceNoCloud [seed=/dev/sdb][dsmode=net].  Up 37.88 seconds
