[    0.000000] Initializing cgroup subsys cpuset
[    0.000000] Initializing cgroup subsys cpu
[    0.000000] Initializing cgroup subsys cpuacct
[    0.000000] Linux version 4.4.0-143-generic (buildd@lgw01-amd64-041) (gcc version 5.4.0 20160609 (Ubuntu 5.4.0-6ubuntu1~16.04.10) ) #169-Ubuntu SMP Thu Feb 7 07:56:38 UTC 2019 (Ubuntu 4.4.0-143.169-generic 4.4.170)
[    0.000000] Command line: BOOT_IMAGE=/boot/vmlinuz-4.4.0-143-generic root=LABEL=cloudimg-rootfs ro console=tty1 console=ttyS0
[    0.000000] KERNEL supported cpus:
[    0.000000]   Intel GenuineIntel
[    0.000000]   AMD AuthenticAMD
[    0.000000]   Centaur CentaurHauls
[    0.000000] x86/fpu: xstate_offset[2]:  576, xstate_sizes[2]:  256
[    0.000000] x86/fpu: Supporting XSAVE feature 0x01: 'x87 floating point registers'
[    0.000000] x86/fpu: Supporting XSAVE feature 0x02: 'SSE registers'
[    0.000000] x86/fpu: Supporting XSAVE feature 0x04: 'AVX registers'
[    0.000000] x86/fpu: Enabled xstate features 0x7, context size is 832 bytes, using 'standard' format.
[    0.000000] e820: BIOS-provided physical RAM map:
[    0.000000] BIOS-e820: [mem 0x0000000000000000-0x000000000009fbff] usable
[    0.000000] BIOS-e820: [mem 0x000000000009fc00-0x000000000009ffff] reserved
[    0.000000] BIOS-e820: [mem 0x00000000000f0000-0x00000000000fffff] reserved
[    0.000000] BIOS-e820: [mem 0x0000000000100000-0x000000003ffeffff] usable
[    0.000000] BIOS-e820: [mem 0x000000003fff0000-0x000000003fffffff] ACPI data
[    0.000000] BIOS-e820: [mem 0x00000000fec00000-0x00000000fec00fff] reserved
[    0.000000] BIOS-e820: [mem 0x00000000fee00000-0x00000000fee00fff] reserved
[    0.000000] BIOS-e820: [mem 0x00000000fffc0000-0x00000000ffffffff] reserved
[    0.000000] NX (Execute Disable) protection: active
[    0.000000] SMBIOS 2.5 present.
[    0.000000] Hypervisor detected: KVM
[    0.000000] e820: last_pfn = 0x3fff0 max_arch_pfn = 0x400000000
[    0.000000] MTRR: Disabled
[    0.000000] x86/PAT: MTRRs disabled, skipping PAT initialization too.
[    0.000000] CPU MTRRs all blank - virtualized system.
[    0.000000] x86/PAT: Configuration [0-7]: WB  WT  UC- UC  WB  WT  UC- UC  
[    0.000000] found SMP MP-table at [mem 0x0009fff0-0x0009ffff] mapped at [ffff88000009fff0]
[    0.000000] Scanning 1 areas for low memory corruption
[    0.000000] RAMDISK: [mem 0x362fa000-0x37174fff]
[    0.000000] ACPI: Early table checksum verification disabled
[    0.000000] ACPI: RSDP 0x00000000000E0000 000024 (v02 VBOX  )
[    0.000000] ACPI: XSDT 0x000000003FFF0030 00003C (v01 VBOX   VBOXXSDT 00000001 ASL  00000061)
[    0.000000] ACPI: FACP 0x000000003FFF00F0 0000F4 (v04 VBOX   VBOXFACP 00000001 ASL  00000061)
[    0.000000] ACPI: DSDT 0x000000003FFF0470 0021FF (v02 VBOX   VBOXBIOS 00000002 INTL 20180105)
[    0.000000] ACPI: FACS 0x000000003FFF0200 000040
[    0.000000] ACPI: FACS 0x000000003FFF0200 000040
[    0.000000] ACPI: APIC 0x000000003FFF0240 00005C (v02 VBOX   VBOXAPIC 00000001 ASL  00000061)
[    0.000000] ACPI: SSDT 0x000000003FFF02A0 0001CC (v01 VBOX   VBOXCPUT 00000002 INTL 20180105)
[    0.000000] No NUMA configuration found
[    0.000000] Faking a node at [mem 0x0000000000000000-0x000000003ffeffff]
[    0.000000] NODE_DATA(0) allocated [mem 0x3ffeb000-0x3ffeffff]
[    0.000000] kvm-clock: Using msrs 4b564d01 and 4b564d00
[    0.000000] kvm-clock: cpu 0, msr 0:3ffe3001, primary cpu clock
[    0.000000] kvm-clock: using sched offset of 4070637426 cycles
[    0.000000] clocksource: kvm-clock: mask: 0xffffffffffffffff max_cycles: 0x1cd42e4dffb, max_idle_ns: 881590591483 ns
[    0.000000] Zone ranges:
[    0.000000]   DMA      [mem 0x0000000000001000-0x0000000000ffffff]
[    0.000000]   DMA32    [mem 0x0000000001000000-0x000000003ffeffff]
[    0.000000]   Normal   empty
[    0.000000]   Device   empty
[    0.000000] Movable zone start for each node
[    0.000000] Early memory node ranges
[    0.000000]   node   0: [mem 0x0000000000001000-0x000000000009efff]
[    0.000000]   node   0: [mem 0x0000000000100000-0x000000003ffeffff]
[    0.000000] Initmem setup node 0 [mem 0x0000000000001000-0x000000003ffeffff]
[    0.000000] ACPI: PM-Timer IO Port: 0x4008
[    0.000000] IOAPIC[0]: apic_id 2, version 32, address 0xfec00000, GSI 0-23
[    0.000000] ACPI: INT_SRC_OVR (bus 0 bus_irq 0 global_irq 2 dfl dfl)
[    0.000000] ACPI: INT_SRC_OVR (bus 0 bus_irq 9 global_irq 9 low level)
[    0.000000] Using ACPI (MADT) for SMP configuration information
[    0.000000] smpboot: Allowing 2 CPUs, 0 hotplug CPUs
[    0.000000] PM: Registered nosave memory: [mem 0x00000000-0x00000fff]
[    0.000000] PM: Registered nosave memory: [mem 0x0009f000-0x0009ffff]
[    0.000000] PM: Registered nosave memory: [mem 0x000a0000-0x000effff]
[    0.000000] PM: Registered nosave memory: [mem 0x000f0000-0x000fffff]
[    0.000000] e820: [mem 0x40000000-0xfebfffff] available for PCI devices
[    0.000000] Booting paravirtualized kernel on KVM
[    0.000000] clocksource: refined-jiffies: mask: 0xffffffff max_cycles: 0xffffffff, max_idle_ns: 7645519600211568 ns
[    0.000000] setup_percpu: NR_CPUS:512 nr_cpumask_bits:512 nr_cpu_ids:2 nr_node_ids:1
[    0.000000] PERCPU: Embedded 34 pages/cpu @ffff88003fc00000 s99480 r8192 d31592 u1048576
[    0.000000] Built 1 zonelists in Node order, mobility grouping on.  Total pages: 257912
[    0.000000] Policy zone: DMA32
[    0.000000] Kernel command line: BOOT_IMAGE=/boot/vmlinuz-4.4.0-143-generic root=LABEL=cloudimg-rootfs ro console=tty1 console=ttyS0
[    0.000000] PID hash table entries: 4096 (order: 3, 32768 bytes)
[    0.000000] Memory: 997704K/1048120K available (8608K kernel code, 1332K rwdata, 4008K rodata, 1484K init, 1316K bss, 50416K reserved, 0K cma-reserved)
[    0.000000] SLUB: HWalign=64, Order=0-3, MinObjects=0, CPUs=2, Nodes=1
[    0.000000] Kernel/User page tables isolation: enabled
[    0.000000] Hierarchical RCU implementation.
[    0.000000] 	Build-time adjustment of leaf fanout to 64.
[    0.000000] 	RCU restricting CPUs from NR_CPUS=512 to nr_cpu_ids=2.
[    0.000000] RCU: Adjusting geometry for rcu_fanout_leaf=64, nr_cpu_ids=2
[    0.000000] NR_IRQS:33024 nr_irqs:440 16
[    0.000000] Console: colour VGA+ 80x25
[    0.000000] console [tty1] enabled
[    0.000000] console [ttyS0] enabled
[    0.000000] tsc: Detected 1696.251 MHz processor
[    0.307460] Calibrating delay loop (skipped) preset value.. 3392.50 BogoMIPS (lpj=6785004)
[    0.311184] pid_max: default: 32768 minimum: 301
[    0.313179] ACPI: Core revision 20150930
[    0.316352] ACPI: 2 ACPI AML tables successfully acquired and loaded
[    0.318499] Security Framework initialized
[    0.319782] Yama: ecoming mindful.
[    0.362676] AppArmor: AppArmor initialized
[    0.368455] Dentry cache hash table entries: 131072 (order: 8, 1048576 bytes)
[    0.376029] Inode-cache hash table entries: 65536 (order: 7, 524288 bytes)
[    0.380032] Mount-cache hash table entries: 2048 (order: 2, 16384 bytes)
[    0.383718] Mountpoint-cache hash table entries: 2048 (order: 2, 16384 bytes)
[    0.391518] Initializing cgroup subsys io
[    0.393349] Initializing cgroup subsys memory
[    0.395231] Initializing cgroup subsys devices
[    0.396970] Initializing cgroup subsys freezer
[    0.398355] Initializing cgroup subsys net_cls
[    0.400114] Initializing cgroup subsys perf_event
[    0.402132] Initializing cgroup subsys net_prio
[    0.404070] Initializing cgroup subsys hugetlb
[    0.406044] Initializing cgroup subsys pids
[    0.409229] mce: CPU supports 0 MCE banks
[    0.414954] Last level iTLB entries: 4KB 1024, 2MB 1024, 4MB 1024
[    0.417424] Last level dTLB entries: 4KB 1024, 2MB 1024, 4MB 1024, 1GB 4
[    0.419952] Spectre V2 : Mitigation: Full generic retpoline
[    0.422209] Spectre V2 : Spectre v2 / SpectreRSB mitigation: Filling RSB on context switch
[    0.425527] Speculative Store Bypass: Vulnerable
[    0.431314] Freeing SMP alternatives memory: 32K
[    0.443768] ftrace: allocating 32278 entries in 127 pages
[    0.537892] smpboot: APIC(0) Converting physical 0 to logical package 0
[    0.553625] smpboot: Max logical packages: 1
[    0.555766] x2apic enabled
[    0.557194] Switched APIC routing to physical x2apic.
[    0.560386] ..TIMER: vector=0x30 apic1=0 pin1=2 apic2=-1 pin2=-1
[    0.669258] smpboot: CPU0: Intel(R) Core(TM) i3-4005U CPU @ 1.70GHz (family: 0x6, model: 0x45, stepping: 0x1)
[    0.676485] Performance Events: unsupported p6 CPU model 69 no PMU driver, software events only.
[    0.703623] KVM setup paravirtual spinlock
[    0.711841] x86: Booting SMP configuration:
[    0.713722] .... node  #0, CPUs:      #1
[    0.715584] kvm-clock: cpu 1, msr 0:3ffe3041, secondary cpu clock
[    0.731543] mce: CPU supports 0 MCE banks
[    0.734530] x86: Booted up 1 node, 2 CPUs
[    0.736694] smpboot: Total of 2 processors activated (6785.00 BogoMIPS)
[    0.739865] devtmpfs: initialized
[    0.743813] evm: security.selinux
[    0.746648] evm: security.SMACK64
[    0.749083] evm: security.SMACK64EXEC
[    0.750710] evm: security.SMACK64TRANSMUTE
[    0.755163] evm: security.SMACK64MMAP
[    0.756929] evm: security.ima
[    0.758465] evm: security.capability
[    0.760481] clocksource: jiffies: mask: 0xffffffff max_cycles: 0xffffffff, max_idle_ns: 7645041785100000 ns
[    0.764278] futex hash table entries: 512 (order: 3, 32768 bytes)
[    0.768149] pinctrl core: initialized pinctrl subsystem
[    0.771286] RTC time: 18:12:28, date: 04/03/19
[    0.773191] NET: Registered protocol family 16
[    0.785724] cpuidle: using governor ladder
[    0.797131] cpuidle: using governor menu
[    0.799880] PCCT header not found.
[    0.806497] ACPI: bus type PCI registered
[    0.807955] acpiphp: ACPI Hot Plug PCI Controller Driver version: 0.5
[    0.810411] PCI: Using configuration type 1 for base access
[    0.826573] ACPI: Added _OSI(Module Device)
[    0.830973] ACPI: Added _OSI(Processor Device)
[    0.833541] ACPI: Added _OSI(3.0 _SCP Extensions)
[    0.836242] ACPI: Added _OSI(Processor Aggregator Device)
[    0.839432] ACPI: Executed 1 blocks of module-level executable AML code
[    0.847160] ACPI: Interpreter enabled
[    0.848688] ACPI: (supports S0 S5)
[    0.849924] ACPI: Using IOAPIC for interrupt routing
[    0.851876] PCI: Using host bridge windows from ACPI; if necessary, use "pci=nocrs" and report a bug
[    0.866732] ACPI: PCI Root Bridge [PCI0] (domain 0000 [bus 00-ff])
[    0.868780] acpi PNP0A03:00: _OSC: OS supports [ASPM ClockPM Segments MSI]
[    0.871049] acpi PNP0A03:00: _OSC: not requesting OS control; OS requires [ExtendedConfig ASPM ClockPM MSI]
[    0.874367] acpi PNP0A03:00: fail to add MMCONFIG information, can't access extended PCI configuration space under this bridge.
[    0.878653] PCI host bridge to bus 0000:00
[    0.885502] pci_bus 0000:00: root bus resource [io  0x0000-0x0cf7 window]
[    0.890511] pci_bus 0000:00: root bus resource [io  0x0d00-0xffff window]
[    0.892731] pci_bus 0000:00: root bus resource [mem 0x000a0000-0x000bffff window]
[    0.900571] pci_bus 0000:00: root bus resource [mem 0x40000000-0xfdffffff window]
[    0.902951] pci_bus 0000:00: root bus resource [bus 00-ff]
[    0.907087] pci 0000:00:01.1: legacy IDE quirk: reg 0x10: [io  0x01f0-0x01f7]
[    0.909023] pci 0000:00:01.1: legacy IDE quirk: reg 0x14: [io  0x03f6]
[    0.911551] pci 0000:00:01.1: legacy IDE quirk: reg 0x18: [io  0x0170-0x0177]
[    0.914283] pci 0000:00:01.1: legacy IDE quirk: reg 0x1c: [io  0x0376]
[    0.951346] pci 0000:00:07.0: quirk: [io  0x4000-0x403f] claimed by PIIX4 ACPI
[    0.959873] pci 0000:00:07.0: quirk: [io  0x4100-0x410f] claimed by PIIX4 SMB
[    0.999657] ACPI: PCI Interrupt Link [LNKA] (IRQs 5 9 10 *11)
[    1.008493] ACPI: PCI Interrupt Link [LNKB] (IRQs 5 9 *10 11)
[    1.017461] ACPI: PCI Interrupt Link [LNKC] (IRQs 5 *9 10 11)
[    1.020240] ACPI: PCI Interrupt Link [LNKD] (IRQs 5 9 10 *11)
[    1.035774] ACPI: Enabled 2 GPEs in block 00 to 07
[    1.043821] vgaarb: setting as boot device: PCI:0000:00:02.0
[    1.046061] vgaarb: device added: PCI:0000:00:02.0,decodes=io+mem,owns=io+mem,locks=none
[    1.049277] vgaarb: loaded
[    1.050657] vgaarb: bridge control possible 0000:00:02.0
[    1.053201] SCSI subsystem initialized
[    1.055130] ACPI: bus type USB registered
[    1.057006] usbcore: registered new interface driver usbfs
[    1.064263] usbcore: registered new interface driver hub
[    1.066171] usbcore: registered new device driver usb
[    1.069140] PCI: Using ACPI for IRQ routing
[    1.072369] NetLabel: Initializing
[    1.073782] NetLabel:  domain hash size = 128
[    1.075196] NetLabel:  protocols = UNLABELED CIPSOv4
[    1.076732] NetLabel:  unlabeled traffic allowed by default
[    1.078693] amd_nb: Cannot enumerate AMD northbridges
[    1.080323] clocksource: Switched to clocksource kvm-clock
[    1.092109] AppArmor: AppArmor Filesystem Enabled
[    1.094851] pnp: PnP ACPI init
[    1.097159] pnp: PnP ACPI: found 3 devices
[  1.111957] clocksource: acpi_pm: mask: 0xffffff max_cycles: 0xffffff, max_idle_ns: 2085701024 ns
[    1.176340] NET: Registered protocol family 2

[    1.178202] TCP established hash table entries: 8192 (order: 4, 65536 bytes)
[    1.180265] TCP bind hash table entries: 8192 (order: 5, 131072 bytes)
[    1.182179] TCP: Hash tables configured (established 8192 bind 8192)
[    1.184001] UDP hash table entries: 512 (order: 2, 16384 bytes)
[    1.185762] UDP-Lite hash table entries: 512 (order: 2, 16384 bytes)
[    1.187576] NE: egstre potco fmiy 
   152424] pci 0000:00:00.0: Limiting direct PCI/PCI trnsfers
[    1.683360] pci 000000:00:Acivtig ISA DMA hang workarounds
[    1.920984] Unpacking initramfs...
[    2.278486] Freeing initrd memory: 14828K
[    2.280275] RAPL PMU detected, API unit is 2^-32 Joules, 4 fixed counters 10737418240 ms ovfl timer
[    2.283028] hw unit of domain pp0-core 2^-0 Joules
[    2.284526] hw unit of domain package 2^-0 Joules
[    2.286554] hw unit of domain dram 2^-0 Joules
[    2.288495] hw unit of domain pp1-gpu 2^-0 Joules
[    2.290612] platform rtc_cmos: registered platform RTC device (no PNP device found)
[    2.293846] Scanning for low memory corruption every 60 seconds
[    2.296750] audit: initializing netlink subsys (disabled)
[    2.306734] audit: type=2000 audit(1554315155.500:1): initialized
[    2.310115] Initialise system trusted keyring
[    2.312284] HugeTLB registered 2 MB page size, pre-allocated 0 pages
[    2.317057] zbud: loaded
[    2.327174] VFS: Disk quotas dquot_6.6.0
[    2.329015] VFS: Dquot-cache hash table entries: 512 (order 0, 4096 bytes)
[    2.332166] squashfs: version 4.0 (2009/01/31) Phillip Lougher
[    2.334967] fuse init (API version 7.23)
[    2.338652] Key type big_key registered
[    2.340431] Allocating IMA MOK and blacklist keyrings.
[    2.343959] Key type asymmetric registered
[    2.345456] Asymmetric key parser 'x509' registered
[    2.347068] Block layer SCSI generic (bsg) driver version 0.4 loaded (major 249)
[    2.349590] io scheduler noop registered
[    2.350867] io scheduler deadline registered (default)
[    2.352499] io scheduler cfq registered
[    2.354058] pci_hotplug: PCI Hot Plug PCI Core version: 0.5
[    2.358229] pciehp: PCI Express Hot Plug Controller Driver version: 0.4
[    2.365361] ACPI: AC Adapter [AC] (on-line)
[    2.373815] input: Power Button as /devices/LNXSYSTM:00/LNXPWRBN:00/input/input0
[    2.376138] ACPI: Power Button [PWRF]
[    2.377703] input: Sleep Button as /devices/LNXSYSTM:00/LNXSLPBN:00/input/input1
[    2.386089] ACPI: Sleep Button [SLPF]
[    2.398741] ACPI: Battery Slot [BAT0] (battery present)
[    2.411427] GHES: HEST is not enabled!
[    2.414953] Serial: 8250/16550 driver, 32 ports, IRQ sharing enabled
[    2.441436] 00:02: ttyS0 at I/O 0x3f8 (irq = 4, base_baud = 115200) is a 16550A
[    2.450341] Linux agpgart interface v0.103
[    2.454463] loop: module loaded
[    2.456668] scsi host0: ata_piix
[    2.458126] scsi host1: ata_piix
[    2.464169] ata1: PATA max UDMA/33 cmd 0x1f0 ctl 0x3f6 bmdma 0xd000 irq 14
[    2.466099] ata2: PATA max UDMA/33 cmd 0x170 ctl 0x376 bmdma 0xd008 irq 15
[    2.472066] libphy: Fixed MDIO Bus: probed
[    2.473490] tun: Universal TUN/TAP device driver, 1.6
[    2.477956] tun: (C) 1999-2004 Max Krasnyansky <maxk@qualcomm.com>
[    2.497837] PPP generic driver version 2.4.2
[    2.527724] ehci_hcd: USB 2.0 'Enhanced' Host Controller (EHCI) Driver
[    2.531016] ehci-pci: EHCI PCI platform driver
[    2.532445] ehci-platform: EHCI generic platform driver
[    2.534084] ohci_hcd: USB 1.1 'Open' Host Controller (OHCI) Driver
[    2.535848] ohci-pci: OHCI PCI platform driver
[    2.554238] ohci-platform: OHCI generic platform driver
[    2.557360] uhci_hcd: USB Universal Host Controller Interface driver
[    2.559235] i8042: PNP: PS/2 Controller [PNP0303:PS2K,PNP0f03:PS2M] at 0x60,0x64 irq 1,12
[    2.569639] serio: i8042 KBD port at 0x60,0x64 irq 1
[    2.577800] serio: i8042 AUX port at 0x60,0x64 irq 12
[    2.579502] mousedev: PS/2 mouse device common for all mice
[    2.582088] input: AT Translated Set 2 keyboard as /devices/platform/i8042/serio0/input/input2
[    2.590496] rtc_cmos rtc_cmos: rtc core: registered rtc_cmos as rtc0
[    2.592852] rtc_cmos rtc_cmos: alarms up to one day, 114 bytes nvram
[    2.596396] i2c /dev entries driver
[    2.598073] device-mapper: uevent: version 1.0.3
[    2.599778] device-mapper: ioctl: 4.34.0-ioctl (2015-10-28) initialised: dm-devel@redhat.com
[    2.602494] ledtrig-cpu: registered to indicate activity on CPUs
[    2.605067] NET: Registered protocol family 10
[    2.606818] NET: Registered protocol family 17
[    2.608260] Key type dns_resolver registered
[    2.610535] registered taskstats version 1
[    2.611901] Loading compiled-in X.509 certificates
[    2.614579] Loaded X.509 cert 'Build time autogenerated kernel key: d03773f65dd2b75b701d4dd50cb1e8d0c07b3b6e'
[    2.617586] zswap: loaded using pool lzo/zbud
[    2.622306] Key type trusted registered
[    2.629018] Key type encrypted registered
[    2.635654] AppArmor: AppArmor sha1 policy hashing enabled
[    2.641122] ima: No TPM chip found, activating TPM-bypass!
[    2.642688] ima: Allocated hash algorithm: sha1
[    2.644096] evm: HMAC attrs: 0x1
[    2.645741]   Magic number: 15:289:240
[    2.647101] rtc_cmos rtc_cmos: setting system clock to 2019-04-03 18:12:30 UTC (1554315150)
[    2.649842] BIOS EDD facility v0.16 2004-Jun-25, 0 devices found
[    2.651512] EDD information not available.
[    2.656241] Freeing unused kernel memory: 1484K
[    2.672447] Write protecting the kernel read-only data: 14336k
[    2.675645] Freeing unused kernel memory: 1620K
[    2.680616] Freeing unused kernel memory: 88K
Loading, please wait...
starting version 229
[    2.708928] random: systemd-udevd: uninitialized urandom read (16 bytes read, 3 bits of entropy available)
[    2.709728] random: udevadm: uninitialized urandom read (16 bytes read, 3 bits of entropy available)
[    2.709770] random: udevadm: uninitialized urandom read (16 bytes read, 3 bits of entropy available)
[    2.724702] random: udevadm: uninitialized urandom read (16 bytes read, 3 bits of entropy available)
[    2.724769] random: udevadm: uninitialized urandom read (16 bytes read, 3 bits of entropy available)
[    2.724980] random: udevadm: uninitialized urandom read (16 bytes read, 3 bits of entropy available)
[    2.725057] random: udevadm: uninitialized urandom read (16 bytes read, 3 bits of entropy available)
[    2.725132] random: udevadm: uninitialized urandom read (16 bytes read, 3 bits of entropy available)
[    2.725210] random: udevadm: uninitialized urandom read (16 bytes read, 3 bits of entropy available)
[    2.725283] random: udevadm: uninitialized urandom read (16 bytes read, 3 bits of entropy available)
[    2.854816] e1000: Intel(R) PRO/1000 Network Driver - version 7.3.21-k8-NAPI
[    2.873590] e1000: Copyright (c) 1999-2006 Intel Corporation.
[    2.891892] Fusion MPT base driver 3.04.20
[    2.909531] Copyright (c) 1999-2008 LSI Corporation
[    2.927744] Fusion MPT SPI Host driver 3.04.20
[    2.961685] AVX2 version of gcm_enc/dec engaged.
[    2.963873] AES CTR mode by8 optimization enabled
[    3.145210] input: ImExPS/2 Generic Explorer Mouse as /devices/platform/i8042/serio1/input/input4
[    3.288416] tsc: Refined TSC clocksource calibration: 1695.291 MHz
[    3.299306] clocksource: tsc: mask: 0xffffffffffffffff max_cycles: 0x186fc6b75a0, max_idle_ns: 440795205733 ns
[    3.328742] e1000 0000:00:03.0 eth0: (PCI:33MHz:32-bit) 02:30:52:25:60:69
[    3.359040] e1000 0000:00:03.0 eth0: Intel(R) PRO/1000 Network Connection
[    3.753349] e1000 0000:00:08.0 eth1: (PCI:33MHz:32-bit) 08:00:27:1b:1d:47
[    3.759012] e1000 0000:00:08.0 eth1: Intel(R) PRO/1000 Network Connection
[    3.762949] mptbase: ioc0: Initiating bringup
[    3.763311] e1000 0000:00:03.0 enp0s3: renamed from eth0
[    3.777342] e1000 0000:00:08.0 enp0s8: renamed from eth1
[    3.833043] ioc0: LSI53C1030 A0: Capabilities={Initiator}
[    4.150236] scsi host2: ioc0: LSI53C1030 A0, FwRev=00000000h, Ports=1, MaxQ=256, IRQ=20
[    4.297969] scsi 2:0:0:0: Direct-Access     VBOX     HARDDISK         1.0  PQ: 0 ANSI: 5
[    4.305984] scsi target2:0:0: Beginning Domain Validation
[    4.311168] scsi target2:0:0: Domain Validation skipping write tests
[    4.317677] scsi target2:0:0: Ending Domain Validation
[    4.335099] scsi target2:0:0: asynchronous
[    4.342546] scsi 2:0:1:0: Direct-Access     VBOX     HARDDISK         1.0  PQ: 0 ANSI: 5
[    4.345435] scsi target2:0:1: Beginning Domain Validation
[    4.351131] scsi target2:0:1: Domain Validation skipping write tests
[    4.353256] scsi target2:0:1: Ending Domain Validation
[    4.355133] scsi target2:0:1: asynchronous
[    4.364868] sd 2:0:0:0: [sda] 20971520 512-byte logical blocks: (10.7 GB/10.0 GiB)
[    4.369577] sd 2:0:0:0: Attached scsi generic sg0 type 0
[    4.372039] sd 2:0:1:0: [sdb] 20480 512-byte logical blocks: (10.5 MB/10.0 MiB)
[    4.375999] sd 2:0:1:0: [sdb] Write Protect is off
[    4.376098] sd 2:0:1:0: Attached scsi generic sg1 type 0
[    4.376301] sd 2:0:0:0: [sda] Write Protect is off
[    4.386581] sd 2:0:0:0: [sda] Incomplete mode parameter data
[    4.386648] sd 2:0:1:0: [sdb] Incomplete mode parameter data
[    4.386652] sd 2:0:1:0: [sdb] Assuming drive cache: write through
[    4.401079] sd 2:0:0:0: [sda] Assuming drive cache: write through
[    4.440128]  sda: sda1
[    4.442766] sd 2:0:1:0: [sdb] Attached SCSI disk
[    4.460877] sd 2:0:0:0: [sda] Attached SCSI disk
Begin: Loading essential drivers ... [    6.023479] md: linear personality registered for level -1
[    6.030315] md: multipath personality registered for level -4
[    6.037189] md: raid0 personality registered for level 0
[    6.047753] md: raid1 personality registered for level 1
[    6.124378] raid6: sse2x1   gen()  5015 MB/s
[    6.192393] raid6: sse2x1   xor()  3826 MB/s
[    6.268068] raid6: sse2x2   gen()  5598 MB/s
[    6.336359] raid6: sse2x2   xor()  4486 MB/s
[    6.404362] raid6: sse2x4   gen()  7750 MB/s
[    6.472373] raid6: sse2x4   xor()  5215 MB/s
[    6.540370] raid6: avx2x1   gen() 10280 MB/s
[    6.608375] raid6: avx2x2   gen() 11910 MB/s
[    6.676373] raid6: avx2x4   gen() 13670 MB/s
[    6.677914] raid6: using algorithm avx2x4 gen() 13670 MB/s
[    6.679719] raid6: using avx2x2 recovery algorithm
[    6.683431] xor: automatically using best checksumming function:
[    6.736339]    avx       : 35102.000 MB/sec
[    6.741688] async_tx: api initialized (async)
[    6.767101] md: raid6 personality registered for level 6
[    6.779662] md: raid5 personality registered for level 5
[    6.792172] md: raid4 personality registered for level 4
[    6.803898] md: raid10 personality registered for level 10
done.
Begin: Running /scripts/init-premount ... done.
Begin: Mounting root file system ... Begin: Running /scripts/local-top ... done.
Begin: Running /scripts/local-premount ... [    6.858889] Btrfs loaded
Scanning for Btrfs filesystems
done.
Warning: fsck not present, so skipping root file system
[    6.948150] EXT4-fs (sda1): mounted filesystem with ordered data mode. Opts: (null)
done.
Begin: Running /scripts/local-bottom ... done.
Begin: Running /scripts/init-bottom ... done.
[    7.892343] systemd[1]: systemd 229 running in system mode. (+PAM +AUDIT +SELINUX +IMA +APPARMOR +SMACK +SYSVINIT +UTMP +LIBCRYPTSETUP +GCRYPT +GNUTLS +ACL +XZ -LZ4 +SECCOMP +BLKID +ELFUTILS +KMOD -IDN)
[    7.903014] systemd[1]: Detected virtualization oracle.
[    7.905255] systemd[1]: Detected architecture x86-64.

Welcome to [1mUbuntu 16.04.6 LTS[0m!

[    7.960708] systemd[1]: Set hostname to <ubuntu>.
[    7.995895] systemd[1]: Initializing machine ID from random generator.
[    8.001052] systemd[1]: Installed transient /etc/machine-id file.
[    8.472821] random: nonblocking pool is initialized
[    8.981791] systemd[1]: Reached target User and Group Name Lookups.
[[0;32m  OK  [0m] Reached target User and Group Name Lookups.
[    8.990293] systemd[1]: Listening on LVM2 metadata daemon socket.
[[0;32m  OK  [0m] Listening on LVM2 metadata daemon socket.
[    9.002934] systemd[1]: Set up automount Arbitrary Executable File Formats File System Automount Point.
[[0;32m  OK  [0m] Set up automount Arbitrary Executab...ats File System Automount Point.
[    9.019542] systemd[1]: Listening on LVM2 poll daemon socket.
[[0;32m  OK  [0m] Listening on LVM2 poll daemon socket.
[    9.023966] systemd[1]: Reached target System Time Synchronized.
[[0;32m  OK  [0m] Reached target System Time Synchronized.
[    9.028877] systemd[1]: Listening on Device-mapper event daemon FIFOs.
[[0;32m  OK  [0m] Listening on Device-mapper event daemon FIFOs.
[    9.042343] systemd[1]: Created slice User and Session Slice.
[[0;32m  OK  [0m] Created slice User and Session Slice.
[    9.050813] systemd[1]: Listening on /dev/initctl Compatibility Named Pipe.
[[0;32m  OK  [0m] Listening on /dev/initctl Compatibility Named Pipe.
[    9.061892] systemd[1]: Reached target Swap.
[[0;32m  OK  [0m] Reached target Swap.
[    9.065824] systemd[1]: Listening on Journal Audit Socket.
[[0;32m  OK  [0m] Listening on Journal Audit Socket.
[    9.070453] systemd[1]: Reached target Encrypted Volumes.
[[0;32m  OK  [0m] Reached target Encrypted Volumes.
[    9.075629] systemd[1]: Created slice System Slice.
[[0;32m  OK  [0m] Created slice System Slice.
[    9.079353] systemd[1]: Reached target Slices.
[[0;32m  OK  [0m] Reached target Slices.
[    9.085417] systemd[1]: Listening on udev Control Socket.
[[0;32m  OK  [0m] Listening on udev Control Socket.
[    9.096632] systemd[1]: Listening on Syslog Socket.
[[0;32m  OK  [0m] Listening on Syslog Socket.
[    9.099660] systemd[1]: Listening on udev Kernel Socket.
[[0;32m  OK  [0m] Listening on udev Kernel Socket.
[    9.118567] systemd[1]: Started Forward Password Requests to Wall Directory Watch.
[[0;32m  OK  [0m] Started Forward Password Requests to Wall Directory Watch.
[    9.132736] systemd[1]: Listening on Journal Socket.
[[0;32m  OK  [0m] Listening on Journal Socket.
[    9.172673] systemd[1]: Starting Nameserver information manager...
         Starting Nameserver information manager...
[    9.237175] systemd[1]: Starting Load Kernel Modules...
         Starting Load Kernel Modules...
[    9.261790] systemd[1]: Starting Remount Root and Kernel File Systems...
         Starting Remount Root and Kernel File Systems...
[    9.279385] systemd[1]: Starting Uncomplicated firewall...
         Starting Uncomplicated firewall...
[    9.284117] systemd[1]: Mounting Debug File System...
[    9.290475] EXT4-fs (sda1): re-mounted. Opts: (null)
         Mounting Debug File System...
[    9.336577] systemd[1]: Mounting Huge Pages File System...
         Mounting Huge Pages File System...
[    9.360643] Loading iSCSI transport class v2.0-870.
[    9.368689] systemd[1]: Started Trigger resolvconf update for networkd DNS.
[[0;32m  OK  [0m] Started Trigger resolvconf update for networkd DNS.
[    9.373608] systemd[1]: Listening on Journal Socket (/dev/log).
[    9.378580] iscsi: registered transport (tcp)
[[0;32m  OK  [0m] Listening on Journal Socket (/dev/log).
[    9.400708] systemd[1]: Starting Journal Service...
         Starting Journal Service...
[    9.407759] systemd[1]: Mounting POSIX Message Queue File System...
         Mounting POSIX Message Queue File System...
[    9.415761] systemd[1]: Starting Set console keymap...
         Starting Set console keymap...
[    9.422369] systemd[1]: Starting Create list of required static device nodes for the current kernel...
         Starting Create list of required st... nodes for the current kernel...
[    9.448586] systemd[1]: Starting Monitoring of LVM2 mirrors, snapshots etc. using dmeventd or progress polling...
         Starting Monitoring of LVM2 mirrors... dmeventd or progress polling...
[    9.455852] systemd[1]: Created slice system-serial\x2dgetty.slice.
[[0;32m  OK  [0m] Created slice system-serial\x2dgetty.slice.
[    9.474023] systemd[1]: Mounted POSIX Message Queue File System.
[[0;32m  OK  [0m] Mounted POSIX Message Queue File System.
[    9.485225] systemd[1]: Mounted Debug File System.
[[0;32m  OK  [0m] Mounted Debug File System.
[    9.492448] systemd[1]: Mounted Huge Pages File System.
[[0;32m  OK  [0m] Mounted Huge Pages File System.
[    9.521911] systemd[1]: Started Remount Root and Kernel File Systems.
[[0;32m  OK  [0m] Started Remount Root and Kernel File Systems.
[    9.579903] systemd[1]: Started Uncomplicated firewall.
[[0;32m  OK  [0m] Started Uncomplicated firewall.
[    9.594250] systemd[1]: Started Create list of required static device nodes for the current kernel.
[[0;32m  OK  [0m] Started Create list of required sta...ce nodes for the current kernel.
[    9.619662] systemd[1]: Started Nameserver information manager.
[[0;32m  OK  [0m] Started Nameserver information manager.
[    9.710363] systemd[1]: Started Journal Service.
[[0;32m  OK  [[    9.729091] iscsi: registered transport (iser)
0m] Started Journal Service.
[[0;32m  OK  [0m] Started Load Kernel Modules.
[[0;32m  OK  [0m] Started Set console keymap.
         Starting Apply Kernel Variables...
         Mounting FUSE Control File System...
         Starting Create Static Device Nodes in /dev...
         Starting Flush Journal to Persistent Storage...
         Starting udev Coldplug all Devices...
         Starting Load/Save Random Seed...
[[0;32m  OK  [0m] Mounted FUSE Control File System.
[[0;32m  OK  [0m] Started LVM2 metadata daemon.
[[0;32m  OK  [0m] Started Apply Kernel Variables.
[[0;32m  OK  [0m] Started udev Coldplug all Devices.
[[0;32m  OK  [0m] Started Flush Journal to Persistent Storage.
[[0;32m  OK  [0m] Started Load/Save Random Seed.
[[0;32m  OK  [0m] Started Create Static Device Nodes in /dev.
         Starting udev Kernel Device Manager...
[[0;32m  OK  [0m] Started udev Kernel Device Manager.
[[0;32m  OK  [0m] Started Dispatch Password Requests to Console Directory Watch.
[[0;32m  OK  [0m] Started Monitoring of LVM2 mirrors,...ng dmeventd or progress polling.
[[0;32m  OK  [0m] Reached target Local File Systems (Pre).
[[0;32m  OK  [0m] Reached target Local File Systems.
         Starting LSB: AppArmor initialization...
         Starting Tell Plymouth To Write Out Runtime Data...
         Starting Commit a transient machine-id on disk...
         Starting Set console font and keymap...
         Starting Create Volatile Files and Directories...
         Starting Initial cloud-init job (pre-networking)...
[[0;32m  OK  [0m] Started Tell Plymouth To Write Out Runtime Data.
[[0;32m  OK  [0m] Started Commit a transient machine-id on disk.
[[0;32m  OK  [0m] Found device /dev/ttyS0.
[[0;32m  OK  [0m] Listening on Load/Save RF Kill Switch Status /dev/rfkill Watch.
[[0;32m  OK  [0m] Started Create Volatile Files and Directories.
         Starting Update UTMP about System Boot/Shutdown...
[[0;32m  OK  [0m] Started Update UTMP about System Boot/Shutdown.
[[0;32m  OK  [0m] Started Set console font and keymap.
[[0;32m  OK  [0m] Created slice system-getty.slice.
[[0;32m  OK  [0m] Started LSB: AppArmor initialization.
[   15.283090] cloud-init[496]: Cloud-init v. 18.5-45-g3554ffe8-0ubuntu1~16.04.1 running 'init-local' at Wed, 03 Apr 2019 18:12:43 +0000. Up 14.58 seconds.
[[0;32m  OK  [0m] Started Initial cloud-init job (pre-networking).
[[0;32m  OK  [0m] Reached target Network (Pre).
         Starting Raise network interfaces...
[[0;32m  OK  [0m] Started Raise network interfaces.
[[0;32m  OK  [0m] Reached target Network.
         Starting Initial cloud-init job (metadata service crawler)...
[   18.114919] cloud-init[952]: Cloud-init v. 18.5-45-g3554ffe8-0ubuntu1~16.04.1 running 'init' at Wed, 03 Apr 2019 18:12:44 +0000. Up 16.29 seconds.
[   18.131053] cloud-init[952]: ci-info: ++++++++++++++++++++++++++++++++++++++Net device info+++++++++++++++++++++++++++++++++++++++
[   18.141269] cloud-init[952]: ci-info: +--------+-------+----------------------------+---------------+--------+-------------------+
[   18.154148] cloud-init[952]: ci-info: | Device |   Up  |          Address           |      Mask     | Scope  |     Hw-Address    |
[   18.163653] cloud-init[952]: ci-info: +--------+-------+----------------------------+---------------+--------+-------------------+
[   18.176306] cloud-init[952]: ci-info: | enp0s3 |  True |         10.0.2.15          | 255.255.255.0 | global | 02:30:52:25:60:69 |
[   18.183099] cloud-init[952]: ci-info: | enp0s3 |  True | fe80::30:52ff:fe25:6069/64 |       .       |  link  | 02:30:52:25:60:69 |
[   18.248735] [[0;32m  OK  [0m] Started Initial cloud-init job (metadata service crawler).
cloud-init[952]: ci-info: | enp0s8 | False |             .              |       .       |   .    | 08:00:27:1b:1d:47 |
[   18.266703] [cloud-init[0;32m  OK  [0m[952]: ] ci-info: |   lo   |  True |         127.0.0.1          |   255.0.0.0   |  host  |         .         |Reached target Cloud-config availability.

[[0;32m  OK  [0m] Reached target System Initialization.
[   18.267969] cloud-init[952]: ci-info: |   lo   |  True |          ::1/128           |       .       |  host  |         .         |
[   18.313821]          Starting LXD - unix socket.
[[0;32m  OK  [0m] Started Daily apt download activities.
[[0;32m  OK  [0m] Listening on ACPID Listen Socket.
cloud-init[952]: ci-info: +--------+-------+----------------------------+---------------+--------+-------------------+
[   18.367850] [[0;32m  OK  [0m] Started ACPI Events Check.
cloud-init[[0;32m  OK  [0m] Reached target Paths.
[952]: ci-info: +++++++++++++++++++++++++++Route IPv4 info++++++++++++++++++++++++++++
[   18.385714] [[0;32m  OK  [0m] Listening on D-Bus System Message Bus Socket.
cloud-init[952]: ci-info: +-------+-------------+----------+---------------+-----------+-------+
[   18.403512]          Starting Socket activation for snappy daemon.
cloud-init[952]: ci-info: | Route | Destination | Gateway  |    Genmask    | Interface | Flags |
[[0;32m  OK  [0m] Started Daily apt upgrade and clean activities.
[   18.405809] [[0;32m  OK  [0m] Listening on UUID daemon activation socket.
cloud-init[952]: ci-info: +-------+-------------+----------+---------------+-----------+-------+
[   18.567001] [[0;32m  OK  [0m] Started Daily Cleanup of Temporary Directories.
[[0;32m  OK  [0m] Reached target Timers.
[[0;32m  OK  [0m] Reached target Network is Online.
cloud-init[952]: ci-info: |   0   |   0.0.0.0   | 10.0.2.2 |    0.0.0.0    |   enp0s3  |   UG  |
[   18.591445] cloud-init[952]: ci-info: |   1   |   10.0.2.0  | 0.0.0.0  | 255.255.255.0 |   enp0s3  |   U   |
         Starting iSCSI initiator daemon (iscsid)...
[[0;32m  OK  [0m] Listening on LXD - unix socket.
[[0;32m  OK  [0m] Listening on Socket activation for snappy daemon.
[   18.603841] cloud-init[952]: ci-info: +-------+-------------+----------+---------------+-----------+-------+
[[0;32m  OK  [0m] Reached target Sockets.
[[0;32m  OK  [0m] Reached target Basic System.
[   18.658192] cloud-init[952]: ci-info: +++++++++++++++++++Route IPv6 info+++++++++++++++++++
[   18.705263] cloud-init[952]: ci-info: +-------+-------------+---------+-----------+-------+
[   18.705715] cloud-init[952]: ci-info: | Route | Destination | Gateway | Interface | Flags |
[   18.706429] cloud-init[952]: ci-info: +-------+-------------+---------+-----------+-------+
[   18.707003] cloud-init[952]: ci-info: |   0   |  fe80::/64  |    ::   |   enp0s3  |   U   |
         Starting LSB: MD monitoring daemon...
[   18.709329] cloud-init[952]: ci-info: |   3   |   ff00::/8  |    ::   |   enp0s3  |   U   |
[   18.755946] cloud-init[952]: ci-info: +-------+-------------+---------+-----------+-------+
[   18.759175] cloud-init[952]: Generating public/private rsa key pair.
[   18.773293] [cloud-init[0;32m  OK  [0m[952]: ] Your identification has been saved in /etc/ssh/ssh_host_rsa_key.Started ACPI event daemon.

[   18.774320] cloud-init[952]: Your public key has been saved in /etc/ssh/ssh_host_rsa_key.pub.
[   18.820844] cloud-init[952]: The key fingerprint is:
[   18.821159] cloud-init[952]: SHA256:SA0/oXRYIJEebqrS+969/BJU3rRaHvBouDnulIW1tSY root@ubuntu-xenial
[   18.821277] cloud-init[952]: The key's randomart image is:
[   18.821393] cloud-init[952]: +---[RSA 2048]----+
[   18.821495] cloud-init[952]: |    oo+++        |
[   18.821596] cloud-init[952]: |    oo.* .o .    |
[   18.821695] cloud-init[952]: |   o .o ++.*..   |
[   18.821791] cloud-init[952]: |    +. .o++o*.   |
[   18.821919] cloud-init[952]: |   o  ..S+E+o.   |
[   18.822024] cloud-init[952]: |  .     =o.o.    |
[   18.822127] cloud-init[952]: | o     .oo       |
[   18.822233] cloud-init[952]: |o .  . +o        |
[   18.822349] cloud-init[952]: |. .+o ..=+.      |
[   18.822450] cloud-init[952]: +----[SHA256]-----+
[   18.822547] cloud-init[952]: Generating public/private dsa key pair.
         Starting Accounts Service...
         Starting /etc/rc.local Compatibility...
[   18.822645] cloud-init[952]: Your identification has been saved in /etc/ssh/ssh_host_dsa_key.
[[0;32m  OK  [0m] Started Regular background program processing daemon.
[   19.002582] cloud-init[952]: Your public key has been saved in /etc/ssh/ssh_host_dsa_key.pub.
[   19.013123] cloud-init[952]: The key fingerprint is:
[   19.016072] cloud-init[952]: SHA256:uJT53++7T1xSfexH2Dqrj06DIUnVMH4f3ttx72UmEF4 root@ubuntu-xenial
[   19.044316] [cloud-init[0;32m  OK  [0m[952]: ] The key's randomart image is:Started FUSE filesystem for LXC.

[   19.045088] cloud-init[952]: +---[DSA 1024]----+
[   19.088440] cloud-init[952]: |          +o     |
[   19.097809] cloud-init[952]: |         o ..  +.|
         [   19.113697] cloud-init[952]: Starting Login Service...|        . . o E B|

[   19.114526] cloud-init[952]: |       = . o = B.|
[   19.148745] cloud-init[952]: |      = S . o *.*|
[   19.149374] cloud-init[952]: |     . o . o . =O|
[   19.152367] cloud-init[952]: |      . . . o o.O|
[[0;32m  OK  [0m] Started Deferred execution scheduler.
[   19.154933] cloud-init[952]: |         . o + *.|
[   19.193704]          cloud-initStarting LSB: Record successful boot for GRUB...[952]: 
|          ..=+*+o|
[   19.224690]          cloud-initStarting System Logging Service...[952]: 
+----[SHA256]-----+
         Starting Virtualbox guest utils...
[   19.251943] cloud-init[952]: Generating public/private ecdsa key pair.
[   19.292365] [cloud-init[0;32m  OK  [0m[952]: ] Your identification has been saved in /etc/ssh/ssh_host_ecdsa_key.Started D-Bus System Message Bus.

[   19.338912] cloud-init[952]: Your public key has been saved in /etc/ssh/ssh_host_ecdsa_key.pub.
[   19.345645] cloud-init[952]: The key fingerprint is:
[   19.352235] cloud-init[952]: SHA256:bDZcU8p14Zg8g1oQgOOVciK1qhRPMsbIGkeTFl/u1hg root@ubuntu-xenial
[   19.361114] cloud-init[952]: The key's randomart image is:
[   19.366480] cloud-init[952]: +---[ECDSA 256]---+
[   19.401666] cloud-init[952]: |  ++..ooo.  o o. |
[   19.424426] cloud-init[952]: |+.+o=++  o * =   |
[   19.439598] cloud-init[952]: |oO.+o*E   B * .  |
[   19.443070] cloud-init[952]: |oo*... * + . o   |
[   19.445555] cloud-init[952]: |....  + S        |
[   19.453039] cloud-init[952]: |..   . o .       |
[   19.476036] cloud-init[952]: |.                |
[   19.479738] cloud-init[952]: |                 |
[   19.488624] cloud-init[952]: |                 |
[   19.501107] cloud-init[952]: +----[SHA256]-----+
[   19.505550] cloud-init[952]: Generating public/private ed25519 key pair.
[   19.510080] cloud-init[952]: Your identification has been saved in /etc/ssh/ssh_host_ed25519_key.
[   19.517319]          Starting Snappy daemon...
[[0;32m  OK  [0m] Started Unattended Upgrades Shutdown.
cloud-init[952]: Your public key has been saved in /etc/ssh/ssh_host_ed25519_key.pub.
[   19.572032]          Starting Pollinate to seed the pseudo random number generator...
cloud-init[952]: The key fingerprint is:
[   19.577392] cloud-init[952]: SHA256:xB/etw6hFuxtTooPbNXfAg4vJmOBUNYKkeMH67gk9V8 root@ubuntu-xenial
[   19.625165]          Starting LXD - container startup/shutdown...
cloud-init[952]: The key's randomart image is:
[   19.632678] cloud-init[952]: +--[ED25519 256]--+
[   19.633884] cloud-init[952]: |    .oo.         |
[[0;32m  OK  [0m] Started System Logging Service.
[   19.634142] cloud-init[952]: |    =o ..        |
[[0;32m  OK  [0m] Started /etc/rc.local Compatibility.
[   19.664731] cloud-init[952]: |   ..= .o .      |
[   19.694522] cloud-init[952]: |  . o.oo + +     |
[   19.698847] cloud-init[952]: | . + .. S B = .  |
[   19.704038] cloud-init[952]: |. o o  .E+ B = o |
[   19.740845] cloud-init[952]: | o . . .B * B + .|
[   19.742971] cloud-init[952]: |  .   .o B * o . |
[   19.756890] cloud-init[952]: |        ..o . .  |
[   19.759163] cloud-init[952]: +----[SHA256]-----+
[[0;32m  OK  [0m] Started iSCSI initiator daemon (iscsid).
[[0;32m  OK  [0m] Started LSB: Record successful boot for GRUB.
[[0;32m  OK  [0m] Started Login Service.
         Starting Authenticate and Authorize Users to Run Privileged Tasks...
         Starting Login to default iSCSI targets...
[[0;32m  OK  [0m] Started LSB: MD monitoring daemon.
[[0;32m  OK  [0m] Started Login to default iSCSI targets.
[[0;32m  OK  [0m] Reached target Remote File Systems (Pre).
[[0;32m  OK  [0m] Reached target Remote File Systems.
         Starting LSB: automatic crash report generation...
         Starting LSB: daemon to balance interrupts for SMP systems...
         Starting Permit User Sessions...
         Starting LSB: Set the CPU Frequency Scaling governor to "ondemand"...
[[0;32m  OK  [0m] Started LSB: Set the CPU Frequency Scaling governor to "ondemand".
[[0;32m  OK  [0m] Started Permit User Sessions.
[[0;32m  OK  [0m] Started Authenticate and Authorize Users to Run Privileged Tasks.
[[0;32m  OK  [0m] Started Accounts Service.
         Starting Hold until boot process finishes up...
         Starting Terminate Plymouth Boot Screen...
[[0;32m  OK  [0m] Started Hold until boot process finishes up.
[[0;32m  OK  [0m] Started Terminate Plymouth Boot Screen.
[[0;32m  OK  [0m] Started Serial Getty on ttyS0.
[[0;32m  OK  [0m] Started Getty on tty1.
[[0;32m  OK  [0m] Reached target Login Prompts.
         Starting Set console scheme...
[[0;32m  OK  [0m] Started LSB: automatic crash report generation.
[[0;32m  OK  [0m] Started LSB: daemon to balance interrupts for SMP systems.
[[0;32m  OK  [0m] Started Set console scheme.
[[0;32m  OK  [0m] Started Virtualbox guest utils.
[[0;32m  OK  [0m] Started Pollinate to seed the pseudo random number generator.
         Starting OpenBSD Secure Shell server...
[[0;32m  OK  [0m] Started OpenBSD Secure Shell server.
[[0;32m  OK  [0m] Started LXD - container startup/shutdown.
[[0;32m  OK  [0m] Created slice User Slice of vagrant.
         Starting User Manager for UID 1000...
[[0;32m  OK  [0m] Started Session 1 of user vagrant.
[[0;32m  OK  [0m] Started User Manager for UID 1000.
[[0;32m  OK  [0m] Started Snappy daemon.
         Starting Wait until snapd is fully seeded...

Ubuntu 16.04.6 LTS ubuntu-xenial ttyS0

ubuntu-xenial login: [   28.595100] cloud-init[1400]: Generating locales (this might take a while)...
[   29.995539] cloud-init[1400]:   en_US.UTF-8... done
[   29.997784] cloud-init[1400]: Generation complete.
[   31.564204] cloud-init[1400]: Cloud-init v. 18.5-45-g3554ffe8-0ubuntu1~16.04.1 running 'modules:config' at Wed, 03 Apr 2019 18:12:56 +0000. Up 28.33 seconds.
ci-info: no authorized ssh keys fingerprints found for user ubuntu.
<14>Apr  3 18:13:00 ec2: 
<14>Apr  3 18:13:00 ec2: #############################################################
<14>Apr  3 18:13:00 ec2: -----BEGIN SSH HOST KEY FINGERPRINTS-----
<14>Apr  3 18:13:00 ec2: 1024 SHA256:uJT53++7T1xSfexH2Dqrj06DIUnVMH4f3ttx72UmEF4 root@ubuntu-xenial (DSA)
<14>Apr  3 18:13:00 ec2: 256 SHA256:bDZcU8p14Zg8g1oQgOOVciK1qhRPMsbIGkeTFl/u1hg root@ubuntu-xenial (ECDSA)
<14>Apr  3 18:13:00 ec2: 256 SHA256:xB/etw6hFuxtTooPbNXfAg4vJmOBUNYKkeMH67gk9V8 root@ubuntu-xenial (ED25519)
<14>Apr  3 18:13:00 ec2: 2048 SHA256:SA0/oXRYIJEebqrS+969/BJU3rRaHvBouDnulIW1tSY root@ubuntu-xenial (RSA)
<14>Apr  3 18:13:00 ec2: -----END SSH HOST KEY FINGERPRINTS-----
<14>Apr  3 18:13:00 ec2: #############################################################
-----BEGIN SSH HOST KEY KEYS-----
ecdsa-sha2-nistp256 AAAAE2VjZHNhLXNoYTItbmlzdHAyNTYAAAAIbmlzdHAyNTYAAABBBEYBMGPPC+7LCYyATLMbfUSanWCk/5k74y5wAhRy8KvFiYjkqA5RmtKW8yZcBo/vqJMeF/OcZXrlqexkrFHO/ig= root@ubuntu-xenial
ssh-ed25519 AAAAC3NzaC1lZDI1NTE5AAAAIPkECN5EeNWWrHrsuTkQd9Sw6UkaadFe5FWiV5q7q6Mz root@ubuntu-xenial
ssh-rsa AAAAB3NzaC1yc2EAAAADAQABAAABAQDE1KfMkexZe2lIPD/YkUzQ8ZCmkhpxhczzi09vG67Qg1coHDCjCX8nL55pB6ajqhGIDz+HblW/abE0iWN7qeML9j2yP+jTKNK5xinWUxT1eoeaCedyuWfNpzth9+q1p8izb5Sn22+Jtm6KZUluzcSlpxz4udNGwTgYoerab0Jv/nvNSYh/kjCeD4LrUn/8RMB/le4blpTqwCirn1435RakAxEkLt/P9v0U7u/K17JZOy0O+BbtirnT8qnQvO0absVCbhnvboPUujqTddeyt0S3pJC3094cxD29OzljdrxPrQK8rYns+QZ1o3Ru+SwqyoPeC62BFTmq6X9BgMHn3PTF root@ubuntu-xenial
-----END SSH HOST KEY KEYS-----
[   32.490421] cloud-init[1546]: Cloud-init v. 18.5-45-g3554ffe8-0ubuntu1~16.04.1 running 'modules:final' at Wed, 03 Apr 2019 18:13:00 +0000. Up 32.20 seconds.
[   32.490861] cloud-init[1546]: ci-info: no authorized ssh keys fingerprints found for user ubuntu.
[   32.493499] cloud-init[1546]: Cloud-init v. 18.5-45-g3554ffe8-0ubuntu1~16.04.1 finished at Wed, 03 Apr 2019 18:13:00 +0000. Datasource DataSourceNoCloud [seed=/dev/sdb][dsmode=net].  Up 32.47 seconds
